2025-10-23 14:05:16,879 [INFO] Activator:176 - 


2025-10-23 14:05:16,882 [INFO] Activator:177 - !SESSION log4j initialized
2025-10-23 14:05:20,650 [INFO] LogOutputStream:77 - [STDOUT_REDIRECT] 
2025-10-23 14:05:21,122 [INFO] ApplicationProperties:184 - Using Application install path: /opt/st/stm32cubeide_1.18.1/plugins/com.st.stm32cube.common.mx_6.14.1.202504091515
2025-10-23 14:05:21,142 [INFO] DbMcusXml:78 - Set database path to: /opt/st/stm32cubeide_1.18.1/plugins/com.st.stm32cube.common.mx_6.14.1.202504091515//db//mcu/
2025-10-23 14:05:21,142 [INFO] ApiDb:274 - Set plugin database path to: /opt/st/stm32cubeide_1.18.1/plugins/com.st.stm32cube.common.mx_6.14.1.202504091515//db//plugins/boardmanager/
2025-10-23 14:05:21,142 [WARN] ApiDb:259 - Overriding images path with different value:  => /opt/st/stm32cubeide_1.18.1/plugins/com.st.stm32cube.common.mx_6.14.1.202504091515//db//plugins/mcufinder/images/
2025-10-23 14:05:21,151 [INFO] ApiDb:250 - Set database path to: /home/nailsonchagas/.stmcufinder/plugins/mcufinder//mcu/
2025-10-23 14:05:21,152 [INFO] DbMcusAds:125 - Set database path to: /home/nailsonchagas/.stmcufinder/plugins/mcufinder//mcu/
2025-10-23 14:05:21,154 [INFO] CrossReferenceDbSqlite:203 - Set database path to: /home/nailsonchagas/.stmcufinder/plugins/mcufinder//mcu/cs/
2025-10-23 14:05:21,253 [INFO] RulesReader:64 - Compatibility file has been processed (302 Rules)
2025-10-23 14:05:21,304 [INFO] DbMcusXml:78 - Set database path to: /opt/st/stm32cubeide_1.18.1/plugins/com.st.stm32cube.common.mx_6.14.1.202504091515//db//mcu/
2025-10-23 14:05:21,304 [INFO] ApiDb:274 - Set plugin database path to: /opt/st/stm32cubeide_1.18.1/plugins/com.st.stm32cube.common.mx_6.14.1.202504091515//db//plugins/boardmanager/
2025-10-23 14:05:21,304 [INFO] ApiDb:261 - Set plugin images path to: /opt/st/stm32cubeide_1.18.1/plugins/com.st.stm32cube.common.mx_6.14.1.202504091515//db//plugins/mcufinder/images/
2025-10-23 14:05:21,304 [WARN] DbFile:41 - Overriding database path with different value: /home/nailsonchagas/.stmcufinder/plugins/mcufinder/ => /home/nailsonchagas/.stmcufinder/plugins/mcufinder
2025-10-23 14:05:21,305 [INFO] ApiDb:250 - Set database path to: /home/nailsonchagas/.stmcufinder/plugins/mcufinder//mcu/
2025-10-23 14:05:21,305 [WARN] DbFile:41 - Overriding database path with different value: /home/nailsonchagas/.stmcufinder/plugins/mcufinder/ => /home/nailsonchagas/.stmcufinder/plugins/mcufinder
2025-10-23 14:05:21,305 [INFO] DbMcusAds:125 - Set database path to: /home/nailsonchagas/.stmcufinder/plugins/mcufinder//mcu/
2025-10-23 14:05:21,305 [WARN] DbFile:41 - Overriding database path with different value: /home/nailsonchagas/.stmcufinder/plugins/mcufinder/ => /home/nailsonchagas/.stmcufinder/plugins/mcufinder
2025-10-23 14:05:21,305 [WARN] DbFile:41 - Overriding database path with different value: /home/nailsonchagas/.stmcufinder/plugins/mcufinder/ => /home/nailsonchagas/.stmcufinder/plugins/mcufinder
2025-10-23 14:05:21,305 [INFO] CrossReferenceDbSqlite:203 - Set database path to: /home/nailsonchagas/.stmcufinder/plugins/mcufinder//mcu/cs/
2025-10-23 14:05:21,364 [INFO] MainPanel:272 - HeapMemory: 268435456
2025-10-23 14:05:21,492 [INFO] DbMcusXml:78 - Set database path to: /opt/st/stm32cubeide_1.18.1/plugins/com.st.stm32cube.common.mx_6.14.1.202504091515//db//mcu/
2025-10-23 14:05:21,492 [INFO] ApiDb:274 - Set plugin database path to: /opt/st/stm32cubeide_1.18.1/plugins/com.st.stm32cube.common.mx_6.14.1.202504091515//db//plugins/boardmanager/
2025-10-23 14:05:21,492 [INFO] ApiDb:261 - Set plugin images path to: /opt/st/stm32cubeide_1.18.1/plugins/com.st.stm32cube.common.mx_6.14.1.202504091515//db//plugins/mcufinder/images/
2025-10-23 14:05:21,492 [WARN] DbFile:41 - Overriding database path with different value: /home/nailsonchagas/.stmcufinder/plugins/mcufinder/ => /home/nailsonchagas/.stmcufinder/plugins/mcufinder
2025-10-23 14:05:21,493 [INFO] ApiDb:250 - Set database path to: /home/nailsonchagas/.stmcufinder/plugins/mcufinder//mcu/
2025-10-23 14:05:21,493 [WARN] DbFile:41 - Overriding database path with different value: /home/nailsonchagas/.stmcufinder/plugins/mcufinder/ => /home/nailsonchagas/.stmcufinder/plugins/mcufinder
2025-10-23 14:05:21,493 [INFO] DbMcusAds:125 - Set database path to: /home/nailsonchagas/.stmcufinder/plugins/mcufinder//mcu/
2025-10-23 14:05:21,493 [WARN] DbFile:41 - Overriding database path with different value: /home/nailsonchagas/.stmcufinder/plugins/mcufinder/ => /home/nailsonchagas/.stmcufinder/plugins/mcufinder
2025-10-23 14:05:21,493 [WARN] DbFile:41 - Overriding database path with different value: /home/nailsonchagas/.stmcufinder/plugins/mcufinder/ => /home/nailsonchagas/.stmcufinder/plugins/mcufinder
2025-10-23 14:05:21,493 [INFO] CrossReferenceDbSqlite:203 - Set database path to: /home/nailsonchagas/.stmcufinder/plugins/mcufinder//mcu/cs/
2025-10-23 14:05:21,505 [INFO] ApplicationProperties:184 - Using Application install path: /opt/st/stm32cubeide_1.18.1/plugins/com.st.stm32cube.common.mx_6.14.1.202504091515
2025-10-23 14:05:21,507 [INFO] PluginManage:196 - Search for loadable plugins [exclusion list=, ]
2025-10-23 14:05:21,508 [INFO] PluginManage:310 - Check plugin analytics
2025-10-23 14:05:21,639 [INFO] AnalyticsPlugin:253 - Accepted Software Licenses: 
2025-10-23 14:05:21,640 [INFO] AnalyticsPlugin:255 - Accepted CMSIS Pack Licenses: 
2025-10-23 14:05:21,640 [INFO] AnalyticsPlugin:257 - Accepted Firmware Licenses: FW.G4.1.6.0
2025-10-23 14:05:21,642 [INFO] PluginManage:359 - Loaded plugin analytics (category:tool,tabindex:-1)
2025-10-23 14:05:21,642 [INFO] PluginManage:310 - Check plugin cadmodel
2025-10-23 14:05:21,647 [INFO] CADModel:105 - Init CAD model plugin
2025-10-23 14:05:21,648 [INFO] PluginManage:359 - Loaded plugin cadmodel (category:power,tabindex:5)
2025-10-23 14:05:21,648 [INFO] PluginManage:310 - Check plugin clock
2025-10-23 14:05:21,656 [INFO] PluginManage:359 - Loaded plugin clock (category:base,tabindex:2)
2025-10-23 14:05:21,656 [INFO] PluginManage:310 - Check plugin ddr
2025-10-23 14:05:21,658 [INFO] PluginManage:359 - Loaded plugin ddr (category:tool,tabindex:6)
2025-10-23 14:05:21,658 [INFO] PluginManage:310 - Check plugin filemanager
2025-10-23 14:05:21,789 [INFO] PluginManage:359 - Loaded plugin filemanager (category:base,tabindex:10)
2025-10-23 14:05:21,790 [INFO] PluginManage:310 - Check plugin ipmanager
2025-10-23 14:05:21,796 [INFO] PluginManage:359 - Loaded plugin ipmanager (category:base,tabindex:5)
2025-10-23 14:05:21,796 [INFO] PluginManage:310 - Check plugin lpbam
2025-10-23 14:05:21,804 [INFO] PluginManage:359 - Loaded plugin lpbam (category:base,tabindex:0)
2025-10-23 14:05:21,804 [INFO] PluginManage:310 - Check plugin memorymap
2025-10-23 14:05:21,817 [INFO] PluginManage:359 - Loaded plugin memorymap (category:base,tabindex:4)
2025-10-23 14:05:21,817 [INFO] PluginManage:310 - Check plugin pinoutandconfiguration
2025-10-23 14:05:21,828 [INFO] PluginManage:359 - Loaded plugin pinoutandconfiguration (category:base,tabindex:1)
2025-10-23 14:05:21,828 [INFO] PluginManage:310 - Check plugin pinoutconfig
2025-10-23 14:05:21,909 [WARN] SupportedApi:132 - Cannot load RTOS API schema: s4s-elt-must-match.1: The content of 'definitions' must match (annotation?, (simpleType | complexType)?, (unique | key | keyref)*)). A problem was found starting at: attribute.
2025-10-23 14:05:22,029 [INFO] PluginManage:359 - Loaded plugin pinoutconfig (category:base,tabindex:0)
2025-10-23 14:05:22,029 [INFO] PluginManage:310 - Check plugin power
2025-10-23 14:05:22,039 [INFO] PluginManage:359 - Loaded plugin power (category:power,tabindex:4)
2025-10-23 14:05:22,040 [INFO] PluginManage:310 - Check plugin projectmanager
2025-10-23 14:05:22,053 [INFO] PluginManage:359 - Loaded plugin projectmanager (category:projectmanager,tabindex:4)
2025-10-23 14:05:22,053 [INFO] PluginManage:310 - Check plugin rif
2025-10-23 14:05:22,060 [INFO] PluginManage:359 - Loaded plugin rif (category:base,tabindex:3)
2025-10-23 14:05:22,060 [INFO] PluginManage:310 - Check plugin thirdparty
2025-10-23 14:05:22,159 [WARN] IntegrityCheckThread:84 - waiting for thirdparty lock release [integrity check]
2025-10-23 14:05:22,159 [INFO] PluginManage:359 - Loaded plugin thirdparty (category:base,tabindex:-1)
2025-10-23 14:05:22,159 [INFO] IntegrityCheckThread:86 - entering critical section [integrity check]
2025-10-23 14:05:22,159 [INFO] PluginManage:310 - Check plugin tools
2025-10-23 14:05:22,160 [INFO] ThirdPartyUpdaterWithRetryManager:70 - Updater plugin not ready yet. [1/15]
2025-10-23 14:05:22,161 [INFO] PluginManage:359 - Loaded plugin tools (category:base,tabindex:7)
2025-10-23 14:05:22,162 [INFO] PluginManage:310 - Check plugin tutovideos
2025-10-23 14:05:22,310 [INFO] PluginManage:359 - Loaded plugin tutovideos (category:base,tabindex:-1)
2025-10-23 14:05:22,310 [INFO] PluginManage:310 - Check plugin updater
2025-10-23 14:05:22,329 [INFO] PluginManage:359 - Loaded plugin updater (category:base,tabindex:12)
2025-10-23 14:05:22,330 [INFO] PluginManage:310 - Check plugin userauth
2025-10-23 14:05:22,333 [INFO] UserAuth:118 - Init User Auth plugin
2025-10-23 14:05:22,334 [INFO] PluginManage:359 - Loaded plugin userauth (category:base,tabindex:14)
2025-10-23 14:05:22,334 [INFO] PluginManage:283 - PluginManage : Loaded plugins [18]
2025-10-23 14:05:22,493 [INFO] PinOutPanel:1589 - setPackage(No Configuration,No Configuration)
2025-10-23 14:05:22,584 [INFO] CADModel:165 - CPN selected for project level
2025-10-23 14:05:22,584 [INFO] CADModel:114 - Register for checkConnection events
2025-10-23 14:05:22,600 [INFO] IPUIPlugin:80 - create IPUIPlugin
2025-10-23 14:05:22,601 [INFO] PluginManager:220 - loadIPPluginJar : add touchsensing
2025-10-23 14:05:22,602 [INFO] IPUIPlugin:80 - create IPUIPlugin
2025-10-23 14:05:22,602 [INFO] PluginManager:220 - loadIPPluginJar : add fatfs
2025-10-23 14:05:22,608 [INFO] IPUIPlugin:80 - create IPUIPlugin
2025-10-23 14:05:22,608 [INFO] PluginManager:220 - loadIPPluginJar : add fmc
2025-10-23 14:05:22,610 [INFO] IPUIPlugin:80 - create IPUIPlugin
2025-10-23 14:05:22,611 [INFO] PluginManager:220 - loadIPPluginJar : add sai
2025-10-23 14:05:22,615 [INFO] IPUIPlugin:80 - create IPUIPlugin
2025-10-23 14:05:22,616 [INFO] PluginManager:220 - loadIPPluginJar : add adc
2025-10-23 14:05:22,618 [INFO] IPUIPlugin:80 - create IPUIPlugin
2025-10-23 14:05:22,618 [INFO] PluginManager:220 - loadIPPluginJar : add extmemmanager
2025-10-23 14:05:22,619 [INFO] IPUIPlugin:80 - create IPUIPlugin
2025-10-23 14:05:22,619 [INFO] PluginManager:220 - loadIPPluginJar : add tracer_emb
2025-10-23 14:05:22,622 [INFO] IPUIPlugin:80 - create IPUIPlugin
2025-10-23 14:05:22,622 [INFO] PluginManager:220 - loadIPPluginJar : add ipddr
2025-10-23 14:05:22,623 [INFO] IPUIPlugin:80 - create IPUIPlugin
2025-10-23 14:05:22,623 [INFO] PluginManager:220 - loadIPPluginJar : add ltdc
2025-10-23 14:05:22,625 [INFO] IPUIPlugin:80 - create IPUIPlugin
2025-10-23 14:05:22,626 [INFO] PluginManager:220 - loadIPPluginJar : add dma3
2025-10-23 14:05:22,628 [INFO] IPUIPlugin:80 - create IPUIPlugin
2025-10-23 14:05:22,628 [INFO] PluginManager:220 - loadIPPluginJar : add dfsdm
2025-10-23 14:05:22,630 [INFO] IPUIPlugin:80 - create IPUIPlugin
2025-10-23 14:05:22,630 [INFO] PluginManager:220 - loadIPPluginJar : add pdm2pcm
2025-10-23 14:05:22,632 [INFO] IPUIPlugin:80 - create IPUIPlugin
2025-10-23 14:05:22,632 [INFO] PluginManager:220 - loadIPPluginJar : add gtzc
2025-10-23 14:05:22,634 [INFO] IPUIPlugin:80 - create IPUIPlugin
2025-10-23 14:05:22,634 [INFO] PluginManager:220 - loadIPPluginJar : add i2s
2025-10-23 14:05:22,636 [INFO] IPUIPlugin:80 - create IPUIPlugin
2025-10-23 14:05:22,636 [INFO] PluginManager:220 - loadIPPluginJar : add lorawan
2025-10-23 14:05:22,638 [INFO] IPUIPlugin:80 - create IPUIPlugin
2025-10-23 14:05:22,638 [INFO] PluginManager:220 - loadIPPluginJar : add can
2025-10-23 14:05:22,640 [INFO] IPUIPlugin:80 - create IPUIPlugin
2025-10-23 14:05:22,640 [INFO] PluginManager:220 - loadIPPluginJar : add usart
2025-10-23 14:05:22,643 [INFO] IPUIPlugin:80 - create IPUIPlugin
2025-10-23 14:05:22,644 [INFO] PluginManager:220 - loadIPPluginJar : add resmgrutility
2025-10-23 14:05:22,647 [INFO] IPUIPlugin:80 - create IPUIPlugin
2025-10-23 14:05:22,647 [INFO] PluginManager:220 - loadIPPluginJar : add nvic
2025-10-23 14:05:22,649 [INFO] IPUIPlugin:80 - create IPUIPlugin
2025-10-23 14:05:22,649 [INFO] PluginManager:220 - loadIPPluginJar : add ucpd
2025-10-23 14:05:22,651 [INFO] IPUIPlugin:80 - create IPUIPlugin
2025-10-23 14:05:22,651 [INFO] PluginManager:220 - loadIPPluginJar : add tim
2025-10-23 14:05:22,653 [INFO] IPUIPlugin:80 - create IPUIPlugin
2025-10-23 14:05:22,653 [INFO] PluginManager:220 - loadIPPluginJar : add i3c
2025-10-23 14:05:22,659 [INFO] IPUIPlugin:80 - create IPUIPlugin
2025-10-23 14:05:22,661 [INFO] PluginManager:220 - loadIPPluginJar : add plateformsettings
2025-10-23 14:05:22,663 [INFO] IPUIPlugin:80 - create IPUIPlugin
2025-10-23 14:05:22,663 [INFO] PluginManager:220 - loadIPPluginJar : add ts
2025-10-23 14:05:22,665 [INFO] IPUIPlugin:80 - create IPUIPlugin
2025-10-23 14:05:22,665 [INFO] PluginManager:220 - loadIPPluginJar : add tsc
2025-10-23 14:05:22,671 [INFO] IPUIPlugin:80 - create IPUIPlugin
2025-10-23 14:05:22,671 [INFO] PluginManager:220 - loadIPPluginJar : add freertos
2025-10-23 14:05:22,674 [INFO] IPUIPlugin:80 - create IPUIPlugin
2025-10-23 14:05:22,674 [INFO] PluginManager:220 - loadIPPluginJar : add ddr_ctrl_phy
2025-10-23 14:05:22,676 [INFO] IPUIPlugin:80 - create IPUIPlugin
2025-10-23 14:05:22,676 [INFO] PluginManager:220 - loadIPPluginJar : add hash
2025-10-23 14:05:22,683 [INFO] IPUIPlugin:80 - create IPUIPlugin
2025-10-23 14:05:22,683 [INFO] PluginManager:220 - loadIPPluginJar : add linkedlist
2025-10-23 14:05:22,689 [INFO] IPUIPlugin:80 - create IPUIPlugin
2025-10-23 14:05:22,689 [INFO] PluginManager:220 - loadIPPluginJar : add mdma
2025-10-23 14:05:22,692 [INFO] IPUIPlugin:80 - create IPUIPlugin
2025-10-23 14:05:22,692 [INFO] PluginManager:220 - loadIPPluginJar : add cryp
2025-10-23 14:05:22,693 [INFO] IPUIPlugin:80 - create IPUIPlugin
2025-10-23 14:05:22,694 [INFO] PluginManager:220 - loadIPPluginJar : add radio
2025-10-23 14:05:22,697 [INFO] IPUIPlugin:80 - create IPUIPlugin
2025-10-23 14:05:22,698 [INFO] PluginManager:220 - loadIPPluginJar : add gic
2025-10-23 14:05:22,699 [INFO] IPUIPlugin:80 - create IPUIPlugin
2025-10-23 14:05:22,700 [INFO] PluginManager:220 - loadIPPluginJar : add gfxmmu
2025-10-23 14:05:22,702 [INFO] IPUIPlugin:80 - create IPUIPlugin
2025-10-23 14:05:22,702 [INFO] PluginManager:220 - loadIPPluginJar : add openamp
2025-10-23 14:05:22,706 [INFO] IPUIPlugin:80 - create IPUIPlugin
2025-10-23 14:05:22,706 [INFO] PluginManager:220 - loadIPPluginJar : add gpio
2025-10-23 14:05:22,709 [INFO] IPUIPlugin:80 - create IPUIPlugin
2025-10-23 14:05:22,709 [INFO] PluginManager:220 - loadIPPluginJar : add i2c
2025-10-23 14:05:22,710 [INFO] IPUIPlugin:80 - create IPUIPlugin
2025-10-23 14:05:22,710 [INFO] PluginManager:220 - loadIPPluginJar : add comp
2025-10-23 14:05:22,711 [INFO] IPUIPlugin:80 - create IPUIPlugin
2025-10-23 14:05:22,711 [INFO] PluginManager:220 - loadIPPluginJar : add genericplugin
2025-10-23 14:05:22,716 [INFO] IPUIPlugin:80 - create IPUIPlugin
2025-10-23 14:05:22,716 [INFO] PluginManager:220 - loadIPPluginJar : add stm32_wpan
2025-10-23 14:05:22,718 [INFO] IPUIPlugin:80 - create IPUIPlugin
2025-10-23 14:05:22,718 [INFO] PluginManager:220 - loadIPPluginJar : add spi
2025-10-23 14:05:22,721 [INFO] IPUIPlugin:80 - create IPUIPlugin
2025-10-23 14:05:22,721 [INFO] PluginManager:220 - loadIPPluginJar : add usbx
2025-10-23 14:05:22,723 [INFO] IPUIPlugin:80 - create IPUIPlugin
2025-10-23 14:05:22,723 [INFO] PluginManager:220 - loadIPPluginJar : add aes
2025-10-23 14:05:22,726 [INFO] IPUIPlugin:80 - create IPUIPlugin
2025-10-23 14:05:22,726 [INFO] PluginManager:220 - loadIPPluginJar : add opamp
2025-10-23 14:05:22,730 [INFO] IPUIPlugin:80 - create IPUIPlugin
2025-10-23 14:05:22,731 [INFO] PluginManager:220 - loadIPPluginJar : add dma
2025-10-23 14:05:22,732 [INFO] IPUIPlugin:80 - create IPUIPlugin
2025-10-23 14:05:22,732 [INFO] PluginManager:220 - loadIPPluginJar : add quadspi
2025-10-23 14:05:22,826 [FATAL] Updater:351 - Updater called before beeing initialized
2025-10-23 14:05:22,845 [INFO] RulesReader:64 - Compatibility file has been processed (302 Rules)
2025-10-23 14:05:22,853 [INFO] RulesReader:64 - Compatibility file has been processed (302 Rules)
2025-10-23 14:05:22,858 [INFO] CADModel:165 - CPN selected for project level
2025-10-23 14:05:22,858 [INFO] CADModel:114 - Register for checkConnection events
2025-10-23 14:05:22,858 [FATAL] Updater:351 - Updater called before beeing initialized
2025-10-23 14:05:22,858 [ERROR] CADModel:125 - Updater not yet initialized, retry later 
2025-10-23 14:05:22,985 [FATAL] Updater:351 - Updater called before beeing initialized
2025-10-23 14:05:22,986 [INFO] CADModel:165 - CPN selected for project level
2025-10-23 14:05:22,987 [INFO] CADModel:114 - Register for checkConnection events
2025-10-23 14:05:22,987 [FATAL] Updater:351 - Updater called before beeing initialized
2025-10-23 14:05:22,987 [ERROR] CADModel:125 - Updater not yet initialized, retry later 
2025-10-23 14:05:22,990 [FATAL] Updater:351 - Updater called before beeing initialized
2025-10-23 14:05:23,094 [FATAL] Updater:351 - Updater called before beeing initialized
2025-10-23 14:05:23,098 [INFO] DbMcusAds:53 - JSON generation date=Thu Oct 02 06:36:05 BRT 2025 (1759397765645)
2025-10-23 14:05:23,098 [FATAL] Updater:351 - Updater called before beeing initialized
2025-10-23 14:05:23,132 [WARN] DetailPanel:346 - Failed to get advertising image, set to default
2025-10-23 14:05:23,370 [FATAL] Updater:351 - Updater called before beeing initialized
2025-10-23 14:05:23,372 [FATAL] Updater:351 - Updater called before beeing initialized
2025-10-23 14:05:23,372 [FATAL] Updater:351 - Updater called before beeing initialized
2025-10-23 14:05:23,372 [WARN] DetailPanel:346 - Failed to get advertising image, set to default
2025-10-23 14:05:23,372 [FATAL] Updater:351 - Updater called before beeing initialized
2025-10-23 14:05:23,403 [ERROR] Updater:1198 - MainUpdater not yet initialized. External WinMGr cannot be set.
2025-10-23 14:05:23,404 [INFO] Updater:1134 - Updater Version found : 6.14.1
2025-10-23 14:05:23,421 [INFO] ApplicationProperties:184 - Using Application install path: /opt/st/stm32cubeide_1.18.1/plugins/com.st.stm32cube.common.mx_6.14.1.202504091515
2025-10-23 14:05:23,645 [INFO] MainUpdater:2872 - connection check result : 10
2025-10-23 14:05:23,645 [INFO] MainUpdater:289 - Updater Check For Update Now.
2025-10-23 14:05:23,645 [INFO] MicroXplorer:498 - Change Database Version : DB.6.0.141
2025-10-23 14:05:23,648 [INFO] McuFinderGlobals:63 - Set McuFinder mode to 2 (CubeIDE integrated)
2025-10-23 14:05:23,649 [INFO] UserAuth:484 - Internet connection configuration mode: 1
2025-10-23 14:05:23,664 [INFO] JxBrowserEngine:152 - Initiate JxBrowser Engine with user profile folder
2025-10-23 14:05:23,829 [INFO] CheckServerUpdateThread:120 - End of CheckServer Thread
2025-10-23 14:05:25,268 [INFO] WebApp:169 - Instantiating new browser for Auth
2025-10-23 14:05:25,421 [WARN] PackLoader:240 - Cannot read IP mode file for STMicroelectronics.FP-SNS-MOTENVWB1.1.4.0
2025-10-23 14:05:25,426 [WARN] PackLoader:240 - Cannot read IP mode file for STMicroelectronics.FP-ATR-ASTRA1.2.0.2
2025-10-23 14:05:25,431 [WARN] PackLoader:240 - Cannot read IP mode file for STMicroelectronics.X-CUBE-SMBUS.2.1.0
2025-10-23 14:05:25,434 [WARN] PackLoader:240 - Cannot read IP mode file for STMicroelectronics.X-CUBE-ST60.1.0.0
2025-10-23 14:05:25,455 [WARN] PackLoader:240 - Cannot read IP mode file for STMicroelectronics.X-CUBE-AZRTOS-F7.1.1.0
2025-10-23 14:05:25,488 [WARN] PackLoader:240 - Cannot read IP mode file for Infineon.AIROC-Wi-Fi-Bluetooth-STM32.1.7.0
2025-10-23 14:05:25,525 [WARN] PackLoader:240 - Cannot read IP mode file for STMicroelectronics.X-CUBE-AZRTOS-H7.3.4.0
2025-10-23 14:05:25,540 [WARN] PackLoader:240 - Cannot read IP mode file for STMicroelectronics.X-CUBE-DISPLAY.3.0.0
2025-10-23 14:05:25,554 [WARN] PackLoader:240 - Cannot read IP mode file for STMicroelectronics.X-CUBE-NFC10.1.0.0
2025-10-23 14:05:25,568 [WARN] PackLoader:240 - Cannot read IP mode file for STMicroelectronics.X-CUBE-BLEMGR.4.0.0
2025-10-23 14:05:25,584 [WARN] PackLoader:240 - Cannot read IP mode file for STMicroelectronics.X-CUBE-ST60.1.1.0
2025-10-23 14:05:25,590 [WARN] PackLoader:240 - Cannot read IP mode file for emotas.I-CUBE-CANOPEN.1.3.0
2025-10-23 14:05:25,593 [WARN] ConditionMgr:438 - getConditionDescription Invalid condition id : Cortex-A Device cause : null
2025-10-23 14:05:25,604 [WARN] ConditionMgr:1044 - genDependencies : Invalid condition id : Cortex-A Device cause : null
2025-10-23 14:05:25,604 [WARN] ConditionMgr:1044 - genDependencies : Invalid condition id : Cortex-A Device cause : null
2025-10-23 14:05:25,604 [WARN] ConditionMgr:1044 - genDependencies : Invalid condition id : Cortex-A Device cause : null
2025-10-23 14:05:25,608 [WARN] PackLoader:240 - Cannot read IP mode file for STMicroelectronics.FP-SNS-SMARTAG2.1.2.0
2025-10-23 14:05:25,612 [WARN] PackLoader:240 - Cannot read IP mode file for STMicroelectronics.FP-SNS-FLIGHT1.5.1.0
2025-10-23 14:05:25,622 [INFO] LogOutputStream:77 - [STDOUT_REDIRECT] 1 : Invalid condition id : UX_CORESTACK_Condition cause : null
2025-10-23 14:05:25,622 [INFO] LogOutputStream:77 - [STDOUT_REDIRECT] 1 : Invalid condition id : UX_CORESTACK_Condition cause : null
2025-10-23 14:05:25,622 [INFO] LogOutputStream:77 - [STDOUT_REDIRECT] 1 : Invalid condition id : UX_CORESTACK_Condition cause : null
2025-10-23 14:05:25,623 [INFO] LogOutputStream:77 - [STDOUT_REDIRECT] 1 : Invalid condition id : UX_CORESTACK_Condition cause : null
2025-10-23 14:05:25,623 [INFO] LogOutputStream:77 - [STDOUT_REDIRECT] 1 : Invalid condition id : UX_CORESTACK_Condition cause : null
2025-10-23 14:05:25,627 [WARN] PackLoader:240 - Cannot read IP mode file for STMicroelectronics.X-CUBE-AZRTOS-WL.2.0.0
2025-10-23 14:05:25,632 [WARN] PackLoader:240 - Cannot read IP mode file for STMicroelectronics.FP-SNS-MOTENV1.5.0.0
2025-10-23 14:05:25,639 [WARN] PackLoader:240 - Cannot read IP mode file for WES.I-CUBE-Cesium.1.3.0
2025-10-23 14:05:25,643 [WARN] PackLoader:240 - Cannot read IP mode file for STMicroelectronics.X-CUBE-BLE2.3.3.0
2025-10-23 14:05:25,647 [WARN] PackLoader:240 - Cannot read IP mode file for STMicroelectronics.X-CUBE-NFC9.1.0.0
2025-10-23 14:05:25,651 [WARN] PackLoader:240 - Cannot read IP mode file for wolfSSL.I-CUBE-wolfSSL.5.8.0
2025-10-23 14:05:25,655 [WARN] PackLoader:240 - Cannot read IP mode file for STMicroelectronics.X-CUBE-BLE1.7.1.0
2025-10-23 14:05:25,658 [WARN] PackLoader:240 - Cannot read IP mode file for wolfSSL.I-CUBE-wolfMQTT.1.19.2
2025-10-23 14:05:25,661 [WARN] PackLoader:240 - Cannot read IP mode file for STMicroelectronics.X-CUBE-EEPRMA1.5.2.0
2025-10-23 14:05:25,665 [ERROR] Engine:466 - /home/nailsonchagas/.stm32cubemx/thirdparties/pdsc/STMicroelectronics.X-CUBE-ST67W61.1.1.0.pdsc: PDSC version is not supported
2025-10-23 14:05:25,668 [WARN] PackLoader:240 - Cannot read IP mode file for STMicroelectronics.X-CUBE-AI.10.1.0
2025-10-23 14:05:25,712 [WARN] PackLoader:240 - Cannot read IP mode file for STMicroelectronics.X-CUBE-MEMS1.11.2.0
2025-10-23 14:05:25,884 [WARN] PackLoader:240 - Cannot read IP mode file for STMicroelectronics.X-CUBE-AZRTOS-G0.1.1.0
2025-10-23 14:05:25,905 [WARN] PackLoader:240 - Cannot read IP mode file for STMicroelectronics.X-CUBE-SAFEA1.1.2.2
2025-10-23 14:05:25,912 [WARN] PackLoader:240 - Cannot read IP mode file for STMicroelectronics.X-CUBE-NFC4.3.0.0
2025-10-23 14:05:25,924 [WARN] PackLoader:240 - Cannot read IP mode file for EmbeddedOffice.I-CUBE-FS-RTOS.1.0.1
2025-10-23 14:05:25,932 [WARN] PackLoader:240 - Cannot read IP mode file for STMicroelectronics.X-CUBE-WB05N.2.0.0
2025-10-23 14:05:25,937 [WARN] PackLoader:240 - Cannot read IP mode file for wolfSSL.I-CUBE-wolfTPM.3.8.0
2025-10-23 14:05:25,943 [WARN] PackLoader:240 - Cannot read IP mode file for STMicroelectronics.X-CUBE-TCPP.4.2.0
2025-10-23 14:05:25,950 [WARN] PackLoader:240 - Cannot read IP mode file for RealThread.X-CUBE-RT-Thread_Nano.4.1.1
2025-10-23 14:05:25,954 [WARN] PackLoader:240 - Cannot read IP mode file for STMicroelectronics.FP-ATR-SIGFOX1.3.2.0
2025-10-23 14:05:25,961 [WARN] PackLoader:240 - Cannot read IP mode file for STMicroelectronics.X-CUBE-EEPRMA1.5.1.0
2025-10-23 14:05:25,969 [WARN] PackLoader:240 - Cannot read IP mode file for ITTIA_DB.I-CUBE-ITTIADB.8.9.0
2025-10-23 14:05:25,976 [WARN] PackLoader:240 - Cannot read IP mode file for STMicroelectronics.X-CUBE-ST67W61.1.0.0
2025-10-23 14:05:26,014 [WARN] PackLoader:240 - Cannot read IP mode file for SEGGER.I-CUBE-embOS.1.3.1
2025-10-23 14:05:26,068 [WARN] PackLoader:240 - Cannot read IP mode file for STMicroelectronics.X-CUBE-ALGOBUILD.1.4.0
2025-10-23 14:05:26,142 [WARN] PackLoader:240 - Cannot read IP mode file for STMicroelectronics.X-CUBE-MEMS1.11.3.0
2025-10-23 14:05:26,234 [INFO] WebApp:463 - Apply proxy settings
2025-10-23 14:05:26,234 [INFO] WebApp:548 - Chromium requires no authentication
2025-10-23 14:05:26,241 [INFO] WebApp:491 - Direct internet connection detected
2025-10-23 14:05:26,262 [INFO] WebApp:894 - Register for checkConnection events
2025-10-23 14:05:26,262 [INFO] WebApp:463 - Apply proxy settings
2025-10-23 14:05:26,263 [INFO] WebApp:548 - Chromium requires no authentication
2025-10-23 14:05:26,263 [INFO] WebApp:491 - Direct internet connection detected
2025-10-23 14:05:26,276 [WARN] PackLoader:240 - Cannot read IP mode file for STMicroelectronics.X-CUBE-PM33A1.1.0.0
2025-10-23 14:05:26,298 [WARN] PackLoader:240 - Cannot read IP mode file for STMicroelectronics.X-CUBE-AZRTOS-F4.1.1.0
2025-10-23 14:05:26,304 [WARN] PackLoader:240 - Cannot read IP mode file for Avnet-IotConnect.X-CUBE-IoTC-DA16k-PMOD.1.0.0
2025-10-23 14:05:26,307 [WARN] PackLoader:240 - Cannot read IP mode file for STMicroelectronics.X-CUBE-ISPU.2.1.0
2025-10-23 14:05:26,312 [ERROR] Engine:466 - /home/nailsonchagas/.stm32cubemx/thirdparties/pdsc/STMicroelectronics.X-CUBE-IPS.3.2.0.pdsc: PDSC version is not supported
2025-10-23 14:05:26,317 [WARN] PackLoader:240 - Cannot read IP mode file for STMicroelectronics.X-CUBE-NFC12.1.0.0
2025-10-23 14:05:26,333 [WARN] PackLoader:240 - Cannot read IP mode file for STMicroelectronics.X-CUBE-AZRTOS-L5.2.0.0
2025-10-23 14:05:26,342 [WARN] PackLoader:240 - Cannot read IP mode file for STMicroelectronics.X-CUBE-NFC6.3.1.0
2025-10-23 14:05:26,348 [WARN] PackLoader:240 - Cannot read IP mode file for STMicroelectronics.X-CUBE-FREERTOS.1.3.1
2025-10-23 14:05:26,351 [WARN] PackLoader:240 - Cannot read IP mode file for STMicroelectronics.X-CUBE-TOUCHGFX.4.26.0
2025-10-23 14:05:26,355 [WARN] PackLoader:240 - Cannot read IP mode file for STMicroelectronics.FP-SNS-STAIOTCFT.1.0.0
2025-10-23 14:05:26,359 [WARN] PackLoader:240 - Cannot read IP mode file for STMicroelectronics.X-CUBE-DPower.1.3.0
2025-10-23 14:05:26,372 [WARN] ConditionMgr:438 - getConditionDescription Invalid condition id : LAN8742 Phy interface Condition cause : null
2025-10-23 14:05:26,372 [WARN] PackLoader:240 - Cannot read IP mode file for STMicroelectronics.X-CUBE-AZRTOS-L4.2.0.0
2025-10-23 14:05:26,373 [WARN] ConditionMgr:1044 - genDependencies : Invalid condition id : LAN8742 Phy interface Condition cause : null
2025-10-23 14:05:26,373 [WARN] ConditionMgr:1044 - genDependencies : Invalid condition id : LAN8742 Phy interface Condition cause : null
2025-10-23 14:05:26,374 [WARN] ConditionMgr:1044 - genDependencies : Invalid condition id : LAN8742 Phy interface Condition cause : null
2025-10-23 14:05:26,378 [WARN] PackLoader:240 - Cannot read IP mode file for STMicroelectronics.X-CUBE-SFXS2LP1.4.0.0
2025-10-23 14:05:26,398 [WARN] PackLoader:240 - Cannot read IP mode file for STMicroelectronics.X-CUBE-AZRTOS-H7.3.3.0
2025-10-23 14:05:26,412 [WARN] ConditionMgr:438 - getConditionDescription Invalid condition id : UX DEVICE CLASS RTOS Condition cause : null
2025-10-23 14:05:26,412 [WARN] ConditionMgr:438 - getConditionDescription Invalid condition id : UX DEVICE CLASS RTOS Condition cause : null
2025-10-23 14:05:26,415 [WARN] PackLoader:240 - Cannot read IP mode file for STMicroelectronics.X-CUBE-AZRTOS-WB.2.0.0
2025-10-23 14:05:26,415 [WARN] ConditionMgr:1044 - genDependencies : Invalid condition id : UX DEVICE CLASS RTOS Condition cause : null
2025-10-23 14:05:26,415 [WARN] ConditionMgr:1044 - genDependencies : Invalid condition id : UX DEVICE CLASS RTOS Condition cause : null
2025-10-23 14:05:26,416 [WARN] ConditionMgr:1044 - genDependencies : Invalid condition id : UX DEVICE CLASS RTOS Condition cause : null
2025-10-23 14:05:26,416 [WARN] ConditionMgr:1044 - genDependencies : Invalid condition id : UX DEVICE CLASS RTOS Condition cause : null
2025-10-23 14:05:26,416 [WARN] ConditionMgr:1044 - genDependencies : Invalid condition id : UX DEVICE CLASS RTOS Condition cause : null
2025-10-23 14:05:26,422 [WARN] PackLoader:240 - Cannot read IP mode file for STMicroelectronics.X-CUBE-GNSS1.7.0.1
2025-10-23 14:05:26,425 [WARN] PackLoader:240 - Cannot read IP mode file for STMicroelectronics.X-CUBE-TOUCHGFX.4.25.0
2025-10-23 14:05:26,428 [INFO] WebApp:225 - Starting web application
2025-10-23 14:05:26,428 [INFO] WebApp:593 - Web application path used /opt/st/stm32cubeide_1.18.1/plugins/com.st.stm32cube.common.mx_6.14.1.202504091515/db/plugins/mcufinder/reactClient1/index.html
2025-10-23 14:05:26,431 [WARN] PackLoader:240 - Cannot read IP mode file for STMicroelectronics.FP-SNS-STBOX1.2.0.0
2025-10-23 14:05:26,443 [WARN] PackLoader:240 - Cannot read IP mode file for STMicroelectronics.X-CUBE-SUBG2.5.0.0
2025-10-23 14:05:26,468 [WARN] PackLoader:240 - Cannot read IP mode file for STMicroelectronics.X-CUBE-AZRTOS-H7RS.1.1.0
2025-10-23 14:05:26,475 [WARN] PackLoader:240 - Cannot read IP mode file for Cesanta.I-CUBE-Mongoose.7.13.0
2025-10-23 14:05:26,492 [WARN] PackLoader:240 - Cannot read IP mode file for STMicroelectronics.X-CUBE-AZRTOS-G4.2.0.0
2025-10-23 14:05:26,497 [WARN] PackLoader:240 - Cannot read IP mode file for wolfSSL.I-CUBE-wolfSSH.1.4.20
2025-10-23 14:05:26,502 [WARN] PackLoader:240 - Cannot read IP mode file for STMicroelectronics.X-CUBE-NFC7.2.0.0
2025-10-23 14:05:26,514 [WARN] PackLoader:240 - Cannot read IP mode file for STMicroelectronics.X-CUBE-IPS.3.1.0
2025-10-23 14:05:26,524 [WARN] PackLoader:240 - Cannot read IP mode file for STMicroelectronics.X-CUBE-ALS.1.0.2
2025-10-23 14:05:26,530 [WARN] PackLoader:240 - Cannot read IP mode file for STMicroelectronics.X-CUBE-STSE01.1.0.0
2025-10-23 14:05:26,534 [WARN] PackLoader:240 - Cannot read IP mode file for portGmbH.I-Cube-SoM-uGOAL.1.1.0
2025-10-23 14:05:26,541 [WARN] PackLoader:240 - Cannot read IP mode file for STMicroelectronics.X-CUBE-TOF1.3.4.3
2025-10-23 14:05:26,548 [INFO] ThirdParty:978 - Integrity check success = true
2025-10-23 14:05:26,548 [INFO] IntegrityCheckThread:100 - exiting critical section [integrity check]
2025-10-23 14:05:26,548 [INFO] IntegrityCheckThread:103 - End integrity checks thread
2025-10-23 14:05:26,577 [INFO] UserAuth:484 - Internet connection configuration mode: 1
2025-10-23 14:05:26,701 [INFO] WebApp:191 - Connection restablished
2025-10-23 14:05:40,594 [ERROR] LogOutputStream:75 - [STDERR_REDIRECT] 
