2025-10-23 14:06:09,631 [INFO] Activator:176 - 


2025-10-23 14:06:09,632 [INFO] Activator:177 - !SESSION log4j initialized
2025-10-23 14:06:11,411 [INFO] LogOutputStream:77 - [STDOUT_REDIRECT] 
2025-10-23 14:06:12,862 [INFO] ApplicationProperties:184 - Using Application install path: /opt/st/stm32cubeide_1.18.1/plugins/com.st.stm32cube.common.mx_6.14.1.202504091515
2025-10-23 14:06:12,874 [INFO] DbMcusXml:78 - Set database path to: /opt/st/stm32cubeide_1.18.1/plugins/com.st.stm32cube.common.mx_6.14.1.202504091515//db//mcu/
2025-10-23 14:06:12,874 [INFO] ApiDb:274 - Set plugin database path to: /opt/st/stm32cubeide_1.18.1/plugins/com.st.stm32cube.common.mx_6.14.1.202504091515//db//plugins/boardmanager/
2025-10-23 14:06:12,874 [WARN] ApiDb:259 - Overriding images path with different value:  => /opt/st/stm32cubeide_1.18.1/plugins/com.st.stm32cube.common.mx_6.14.1.202504091515//db//plugins/mcufinder/images/
2025-10-23 14:06:12,877 [INFO] ApiDb:250 - Set database path to: /home/nailsonchagas/.stmcufinder/plugins/mcufinder//mcu/
2025-10-23 14:06:12,878 [INFO] DbMcusAds:125 - Set database path to: /home/nailsonchagas/.stmcufinder/plugins/mcufinder//mcu/
2025-10-23 14:06:12,880 [INFO] CrossReferenceDbSqlite:203 - Set database path to: /home/nailsonchagas/.stmcufinder/plugins/mcufinder//mcu/cs/
2025-10-23 14:06:12,984 [INFO] RulesReader:64 - Compatibility file has been processed (302 Rules)
2025-10-23 14:06:13,035 [INFO] DbMcusXml:78 - Set database path to: /opt/st/stm32cubeide_1.18.1/plugins/com.st.stm32cube.common.mx_6.14.1.202504091515//db//mcu/
2025-10-23 14:06:13,035 [INFO] ApiDb:274 - Set plugin database path to: /opt/st/stm32cubeide_1.18.1/plugins/com.st.stm32cube.common.mx_6.14.1.202504091515//db//plugins/boardmanager/
2025-10-23 14:06:13,035 [INFO] ApiDb:261 - Set plugin images path to: /opt/st/stm32cubeide_1.18.1/plugins/com.st.stm32cube.common.mx_6.14.1.202504091515//db//plugins/mcufinder/images/
2025-10-23 14:06:13,035 [WARN] DbFile:41 - Overriding database path with different value: /home/nailsonchagas/.stmcufinder/plugins/mcufinder/ => /home/nailsonchagas/.stmcufinder/plugins/mcufinder
2025-10-23 14:06:13,035 [INFO] ApiDb:250 - Set database path to: /home/nailsonchagas/.stmcufinder/plugins/mcufinder//mcu/
2025-10-23 14:06:13,035 [WARN] DbFile:41 - Overriding database path with different value: /home/nailsonchagas/.stmcufinder/plugins/mcufinder/ => /home/nailsonchagas/.stmcufinder/plugins/mcufinder
2025-10-23 14:06:13,036 [INFO] DbMcusAds:125 - Set database path to: /home/nailsonchagas/.stmcufinder/plugins/mcufinder//mcu/
2025-10-23 14:06:13,036 [WARN] DbFile:41 - Overriding database path with different value: /home/nailsonchagas/.stmcufinder/plugins/mcufinder/ => /home/nailsonchagas/.stmcufinder/plugins/mcufinder
2025-10-23 14:06:13,036 [WARN] DbFile:41 - Overriding database path with different value: /home/nailsonchagas/.stmcufinder/plugins/mcufinder/ => /home/nailsonchagas/.stmcufinder/plugins/mcufinder
2025-10-23 14:06:13,036 [INFO] CrossReferenceDbSqlite:203 - Set database path to: /home/nailsonchagas/.stmcufinder/plugins/mcufinder//mcu/cs/
2025-10-23 14:06:13,085 [INFO] MainPanel:272 - HeapMemory: 268435456
2025-10-23 14:06:13,247 [INFO] DbMcusXml:78 - Set database path to: /opt/st/stm32cubeide_1.18.1/plugins/com.st.stm32cube.common.mx_6.14.1.202504091515//db//mcu/
2025-10-23 14:06:13,247 [INFO] ApiDb:274 - Set plugin database path to: /opt/st/stm32cubeide_1.18.1/plugins/com.st.stm32cube.common.mx_6.14.1.202504091515//db//plugins/boardmanager/
2025-10-23 14:06:13,247 [INFO] ApiDb:261 - Set plugin images path to: /opt/st/stm32cubeide_1.18.1/plugins/com.st.stm32cube.common.mx_6.14.1.202504091515//db//plugins/mcufinder/images/
2025-10-23 14:06:13,247 [WARN] DbFile:41 - Overriding database path with different value: /home/nailsonchagas/.stmcufinder/plugins/mcufinder/ => /home/nailsonchagas/.stmcufinder/plugins/mcufinder
2025-10-23 14:06:13,247 [INFO] ApiDb:250 - Set database path to: /home/nailsonchagas/.stmcufinder/plugins/mcufinder//mcu/
2025-10-23 14:06:13,248 [WARN] DbFile:41 - Overriding database path with different value: /home/nailsonchagas/.stmcufinder/plugins/mcufinder/ => /home/nailsonchagas/.stmcufinder/plugins/mcufinder
2025-10-23 14:06:13,248 [INFO] DbMcusAds:125 - Set database path to: /home/nailsonchagas/.stmcufinder/plugins/mcufinder//mcu/
2025-10-23 14:06:13,248 [WARN] DbFile:41 - Overriding database path with different value: /home/nailsonchagas/.stmcufinder/plugins/mcufinder/ => /home/nailsonchagas/.stmcufinder/plugins/mcufinder
2025-10-23 14:06:13,248 [WARN] DbFile:41 - Overriding database path with different value: /home/nailsonchagas/.stmcufinder/plugins/mcufinder/ => /home/nailsonchagas/.stmcufinder/plugins/mcufinder
2025-10-23 14:06:13,248 [INFO] CrossReferenceDbSqlite:203 - Set database path to: /home/nailsonchagas/.stmcufinder/plugins/mcufinder//mcu/cs/
2025-10-23 14:06:13,259 [INFO] ApplicationProperties:184 - Using Application install path: /opt/st/stm32cubeide_1.18.1/plugins/com.st.stm32cube.common.mx_6.14.1.202504091515
2025-10-23 14:06:13,261 [INFO] PluginManage:196 - Search for loadable plugins [exclusion list=, ]
2025-10-23 14:06:13,261 [INFO] PluginManage:310 - Check plugin analytics
2025-10-23 14:06:13,388 [INFO] AnalyticsPlugin:253 - Accepted Software Licenses: 
2025-10-23 14:06:13,389 [INFO] AnalyticsPlugin:255 - Accepted CMSIS Pack Licenses: 
2025-10-23 14:06:13,389 [INFO] AnalyticsPlugin:257 - Accepted Firmware Licenses: FW.G4.1.6.0
2025-10-23 14:06:13,391 [INFO] PluginManage:359 - Loaded plugin analytics (category:tool,tabindex:-1)
2025-10-23 14:06:13,391 [INFO] PluginManage:310 - Check plugin cadmodel
2025-10-23 14:06:13,394 [INFO] CADModel:105 - Init CAD model plugin
2025-10-23 14:06:13,394 [INFO] PluginManage:359 - Loaded plugin cadmodel (category:power,tabindex:5)
2025-10-23 14:06:13,394 [INFO] PluginManage:310 - Check plugin clock
2025-10-23 14:06:13,401 [INFO] PluginManage:359 - Loaded plugin clock (category:base,tabindex:2)
2025-10-23 14:06:13,401 [INFO] PluginManage:310 - Check plugin ddr
2025-10-23 14:06:13,402 [INFO] PluginManage:359 - Loaded plugin ddr (category:tool,tabindex:6)
2025-10-23 14:06:13,402 [INFO] PluginManage:310 - Check plugin filemanager
2025-10-23 14:06:13,521 [INFO] PluginManage:359 - Loaded plugin filemanager (category:base,tabindex:10)
2025-10-23 14:06:13,521 [INFO] PluginManage:310 - Check plugin ipmanager
2025-10-23 14:06:13,526 [INFO] PluginManage:359 - Loaded plugin ipmanager (category:base,tabindex:5)
2025-10-23 14:06:13,527 [INFO] PluginManage:310 - Check plugin lpbam
2025-10-23 14:06:13,534 [INFO] PluginManage:359 - Loaded plugin lpbam (category:base,tabindex:0)
2025-10-23 14:06:13,534 [INFO] PluginManage:310 - Check plugin memorymap
2025-10-23 14:06:13,552 [INFO] PluginManage:359 - Loaded plugin memorymap (category:base,tabindex:4)
2025-10-23 14:06:13,552 [INFO] PluginManage:310 - Check plugin pinoutandconfiguration
2025-10-23 14:06:13,560 [INFO] PluginManage:359 - Loaded plugin pinoutandconfiguration (category:base,tabindex:1)
2025-10-23 14:06:13,560 [INFO] PluginManage:310 - Check plugin pinoutconfig
2025-10-23 14:06:13,643 [WARN] SupportedApi:132 - Cannot load RTOS API schema: s4s-elt-must-match.1: The content of 'definitions' must match (annotation?, (simpleType | complexType)?, (unique | key | keyref)*)). A problem was found starting at: attribute.
2025-10-23 14:06:13,717 [INFO] PluginManage:359 - Loaded plugin pinoutconfig (category:base,tabindex:0)
2025-10-23 14:06:13,718 [INFO] PluginManage:310 - Check plugin power
2025-10-23 14:06:13,722 [INFO] PluginManage:359 - Loaded plugin power (category:power,tabindex:4)
2025-10-23 14:06:13,722 [INFO] PluginManage:310 - Check plugin projectmanager
2025-10-23 14:06:13,731 [INFO] PluginManage:359 - Loaded plugin projectmanager (category:projectmanager,tabindex:4)
2025-10-23 14:06:13,731 [INFO] PluginManage:310 - Check plugin rif
2025-10-23 14:06:13,735 [INFO] PluginManage:359 - Loaded plugin rif (category:base,tabindex:3)
2025-10-23 14:06:13,735 [INFO] PluginManage:310 - Check plugin thirdparty
2025-10-23 14:06:13,801 [WARN] IntegrityCheckThread:84 - waiting for thirdparty lock release [integrity check]
2025-10-23 14:06:13,801 [INFO] PluginManage:359 - Loaded plugin thirdparty (category:base,tabindex:-1)
2025-10-23 14:06:13,801 [INFO] IntegrityCheckThread:86 - entering critical section [integrity check]
2025-10-23 14:06:13,802 [INFO] PluginManage:310 - Check plugin tools
2025-10-23 14:06:13,802 [INFO] ThirdPartyUpdaterWithRetryManager:70 - Updater plugin not ready yet. [1/15]
2025-10-23 14:06:13,803 [INFO] PluginManage:359 - Loaded plugin tools (category:base,tabindex:7)
2025-10-23 14:06:13,803 [INFO] PluginManage:310 - Check plugin tutovideos
2025-10-23 14:06:13,900 [INFO] PluginManage:359 - Loaded plugin tutovideos (category:base,tabindex:-1)
2025-10-23 14:06:13,900 [INFO] PluginManage:310 - Check plugin updater
2025-10-23 14:06:13,914 [INFO] PluginManage:359 - Loaded plugin updater (category:base,tabindex:12)
2025-10-23 14:06:13,914 [INFO] PluginManage:310 - Check plugin userauth
2025-10-23 14:06:13,916 [INFO] UserAuth:118 - Init User Auth plugin
2025-10-23 14:06:13,917 [INFO] PluginManage:359 - Loaded plugin userauth (category:base,tabindex:14)
2025-10-23 14:06:13,918 [INFO] PluginManage:283 - PluginManage : Loaded plugins [18]
2025-10-23 14:06:14,022 [INFO] PinOutPanel:1589 - setPackage(No Configuration,No Configuration)
2025-10-23 14:06:14,063 [INFO] CADModel:165 - CPN selected for project level
2025-10-23 14:06:14,063 [INFO] CADModel:114 - Register for checkConnection events
2025-10-23 14:06:14,070 [INFO] IPUIPlugin:80 - create IPUIPlugin
2025-10-23 14:06:14,070 [INFO] PluginManager:220 - loadIPPluginJar : add touchsensing
2025-10-23 14:06:14,071 [INFO] IPUIPlugin:80 - create IPUIPlugin
2025-10-23 14:06:14,071 [INFO] PluginManager:220 - loadIPPluginJar : add fatfs
2025-10-23 14:06:14,074 [INFO] IPUIPlugin:80 - create IPUIPlugin
2025-10-23 14:06:14,074 [INFO] PluginManager:220 - loadIPPluginJar : add fmc
2025-10-23 14:06:14,075 [INFO] IPUIPlugin:80 - create IPUIPlugin
2025-10-23 14:06:14,075 [INFO] PluginManager:220 - loadIPPluginJar : add sai
2025-10-23 14:06:14,079 [INFO] IPUIPlugin:80 - create IPUIPlugin
2025-10-23 14:06:14,079 [INFO] PluginManager:220 - loadIPPluginJar : add adc
2025-10-23 14:06:14,080 [INFO] IPUIPlugin:80 - create IPUIPlugin
2025-10-23 14:06:14,080 [INFO] PluginManager:220 - loadIPPluginJar : add extmemmanager
2025-10-23 14:06:14,081 [INFO] IPUIPlugin:80 - create IPUIPlugin
2025-10-23 14:06:14,081 [INFO] PluginManager:220 - loadIPPluginJar : add tracer_emb
2025-10-23 14:06:14,082 [INFO] IPUIPlugin:80 - create IPUIPlugin
2025-10-23 14:06:14,083 [INFO] PluginManager:220 - loadIPPluginJar : add ipddr
2025-10-23 14:06:14,083 [INFO] IPUIPlugin:80 - create IPUIPlugin
2025-10-23 14:06:14,083 [INFO] PluginManager:220 - loadIPPluginJar : add ltdc
2025-10-23 14:06:14,084 [INFO] IPUIPlugin:80 - create IPUIPlugin
2025-10-23 14:06:14,085 [INFO] PluginManager:220 - loadIPPluginJar : add dma3
2025-10-23 14:06:14,086 [INFO] IPUIPlugin:80 - create IPUIPlugin
2025-10-23 14:06:14,086 [INFO] PluginManager:220 - loadIPPluginJar : add dfsdm
2025-10-23 14:06:14,087 [INFO] IPUIPlugin:80 - create IPUIPlugin
2025-10-23 14:06:14,087 [INFO] PluginManager:220 - loadIPPluginJar : add pdm2pcm
2025-10-23 14:06:14,089 [INFO] IPUIPlugin:80 - create IPUIPlugin
2025-10-23 14:06:14,089 [INFO] PluginManager:220 - loadIPPluginJar : add gtzc
2025-10-23 14:06:14,090 [INFO] IPUIPlugin:80 - create IPUIPlugin
2025-10-23 14:06:14,090 [INFO] PluginManager:220 - loadIPPluginJar : add i2s
2025-10-23 14:06:14,091 [INFO] IPUIPlugin:80 - create IPUIPlugin
2025-10-23 14:06:14,092 [INFO] PluginManager:220 - loadIPPluginJar : add lorawan
2025-10-23 14:06:14,093 [INFO] IPUIPlugin:80 - create IPUIPlugin
2025-10-23 14:06:14,093 [INFO] PluginManager:220 - loadIPPluginJar : add can
2025-10-23 14:06:14,094 [INFO] IPUIPlugin:80 - create IPUIPlugin
2025-10-23 14:06:14,094 [INFO] PluginManager:220 - loadIPPluginJar : add usart
2025-10-23 14:06:14,096 [INFO] IPUIPlugin:80 - create IPUIPlugin
2025-10-23 14:06:14,096 [INFO] PluginManager:220 - loadIPPluginJar : add resmgrutility
2025-10-23 14:06:14,097 [INFO] IPUIPlugin:80 - create IPUIPlugin
2025-10-23 14:06:14,097 [INFO] PluginManager:220 - loadIPPluginJar : add nvic
2025-10-23 14:06:14,098 [INFO] IPUIPlugin:80 - create IPUIPlugin
2025-10-23 14:06:14,098 [INFO] PluginManager:220 - loadIPPluginJar : add ucpd
2025-10-23 14:06:14,099 [INFO] IPUIPlugin:80 - create IPUIPlugin
2025-10-23 14:06:14,099 [INFO] PluginManager:220 - loadIPPluginJar : add tim
2025-10-23 14:06:14,101 [INFO] IPUIPlugin:80 - create IPUIPlugin
2025-10-23 14:06:14,101 [INFO] PluginManager:220 - loadIPPluginJar : add i3c
2025-10-23 14:06:14,104 [INFO] IPUIPlugin:80 - create IPUIPlugin
2025-10-23 14:06:14,105 [INFO] PluginManager:220 - loadIPPluginJar : add plateformsettings
2025-10-23 14:06:14,106 [INFO] IPUIPlugin:80 - create IPUIPlugin
2025-10-23 14:06:14,107 [INFO] PluginManager:220 - loadIPPluginJar : add ts
2025-10-23 14:06:14,108 [INFO] IPUIPlugin:80 - create IPUIPlugin
2025-10-23 14:06:14,108 [INFO] PluginManager:220 - loadIPPluginJar : add tsc
2025-10-23 14:06:14,110 [INFO] IPUIPlugin:80 - create IPUIPlugin
2025-10-23 14:06:14,111 [INFO] PluginManager:220 - loadIPPluginJar : add freertos
2025-10-23 14:06:14,112 [INFO] IPUIPlugin:80 - create IPUIPlugin
2025-10-23 14:06:14,112 [INFO] PluginManager:220 - loadIPPluginJar : add ddr_ctrl_phy
2025-10-23 14:06:14,113 [INFO] IPUIPlugin:80 - create IPUIPlugin
2025-10-23 14:06:14,113 [INFO] PluginManager:220 - loadIPPluginJar : add hash
2025-10-23 14:06:14,117 [INFO] IPUIPlugin:80 - create IPUIPlugin
2025-10-23 14:06:14,117 [INFO] PluginManager:220 - loadIPPluginJar : add linkedlist
2025-10-23 14:06:14,120 [INFO] IPUIPlugin:80 - create IPUIPlugin
2025-10-23 14:06:14,120 [INFO] PluginManager:220 - loadIPPluginJar : add mdma
2025-10-23 14:06:14,122 [INFO] IPUIPlugin:80 - create IPUIPlugin
2025-10-23 14:06:14,122 [INFO] PluginManager:220 - loadIPPluginJar : add cryp
2025-10-23 14:06:14,123 [INFO] IPUIPlugin:80 - create IPUIPlugin
2025-10-23 14:06:14,123 [INFO] PluginManager:220 - loadIPPluginJar : add radio
2025-10-23 14:06:14,126 [INFO] IPUIPlugin:80 - create IPUIPlugin
2025-10-23 14:06:14,126 [INFO] PluginManager:220 - loadIPPluginJar : add gic
2025-10-23 14:06:14,127 [INFO] IPUIPlugin:80 - create IPUIPlugin
2025-10-23 14:06:14,127 [INFO] PluginManager:220 - loadIPPluginJar : add gfxmmu
2025-10-23 14:06:14,128 [INFO] IPUIPlugin:80 - create IPUIPlugin
2025-10-23 14:06:14,128 [INFO] PluginManager:220 - loadIPPluginJar : add openamp
2025-10-23 14:06:14,130 [INFO] IPUIPlugin:80 - create IPUIPlugin
2025-10-23 14:06:14,130 [INFO] PluginManager:220 - loadIPPluginJar : add gpio
2025-10-23 14:06:14,131 [INFO] IPUIPlugin:80 - create IPUIPlugin
2025-10-23 14:06:14,131 [INFO] PluginManager:220 - loadIPPluginJar : add i2c
2025-10-23 14:06:14,132 [INFO] IPUIPlugin:80 - create IPUIPlugin
2025-10-23 14:06:14,132 [INFO] PluginManager:220 - loadIPPluginJar : add comp
2025-10-23 14:06:14,133 [INFO] IPUIPlugin:80 - create IPUIPlugin
2025-10-23 14:06:14,133 [INFO] PluginManager:220 - loadIPPluginJar : add genericplugin
2025-10-23 14:06:14,136 [INFO] IPUIPlugin:80 - create IPUIPlugin
2025-10-23 14:06:14,137 [INFO] PluginManager:220 - loadIPPluginJar : add stm32_wpan
2025-10-23 14:06:14,138 [INFO] IPUIPlugin:80 - create IPUIPlugin
2025-10-23 14:06:14,138 [INFO] PluginManager:220 - loadIPPluginJar : add spi
2025-10-23 14:06:14,140 [INFO] IPUIPlugin:80 - create IPUIPlugin
2025-10-23 14:06:14,140 [INFO] PluginManager:220 - loadIPPluginJar : add usbx
2025-10-23 14:06:14,141 [INFO] IPUIPlugin:80 - create IPUIPlugin
2025-10-23 14:06:14,141 [INFO] PluginManager:220 - loadIPPluginJar : add aes
2025-10-23 14:06:14,142 [INFO] IPUIPlugin:80 - create IPUIPlugin
2025-10-23 14:06:14,142 [INFO] PluginManager:220 - loadIPPluginJar : add opamp
2025-10-23 14:06:14,145 [INFO] IPUIPlugin:80 - create IPUIPlugin
2025-10-23 14:06:14,145 [INFO] PluginManager:220 - loadIPPluginJar : add dma
2025-10-23 14:06:14,146 [INFO] IPUIPlugin:80 - create IPUIPlugin
2025-10-23 14:06:14,146 [INFO] PluginManager:220 - loadIPPluginJar : add quadspi
2025-10-23 14:06:14,237 [FATAL] Updater:351 - Updater called before beeing initialized
2025-10-23 14:06:14,265 [INFO] RulesReader:64 - Compatibility file has been processed (302 Rules)
2025-10-23 14:06:14,275 [INFO] RulesReader:64 - Compatibility file has been processed (302 Rules)
2025-10-23 14:06:14,280 [INFO] CADModel:165 - CPN selected for project level
2025-10-23 14:06:14,280 [INFO] CADModel:114 - Register for checkConnection events
2025-10-23 14:06:14,280 [FATAL] Updater:351 - Updater called before beeing initialized
2025-10-23 14:06:14,280 [ERROR] CADModel:125 - Updater not yet initialized, retry later 
2025-10-23 14:06:14,348 [FATAL] Updater:351 - Updater called before beeing initialized
2025-10-23 14:06:14,349 [INFO] CADModel:165 - CPN selected for project level
2025-10-23 14:06:14,349 [INFO] CADModel:114 - Register for checkConnection events
2025-10-23 14:06:14,349 [FATAL] Updater:351 - Updater called before beeing initialized
2025-10-23 14:06:14,349 [ERROR] CADModel:125 - Updater not yet initialized, retry later 
2025-10-23 14:06:14,351 [FATAL] Updater:351 - Updater called before beeing initialized
2025-10-23 14:06:14,411 [FATAL] Updater:351 - Updater called before beeing initialized
2025-10-23 14:06:14,413 [INFO] DbMcusAds:53 - JSON generation date=Thu Oct 02 06:36:05 BRT 2025 (1759397765645)
2025-10-23 14:06:14,413 [FATAL] Updater:351 - Updater called before beeing initialized
2025-10-23 14:06:14,438 [WARN] DetailPanel:346 - Failed to get advertising image, set to default
2025-10-23 14:06:14,655 [FATAL] Updater:351 - Updater called before beeing initialized
2025-10-23 14:06:14,656 [FATAL] Updater:351 - Updater called before beeing initialized
2025-10-23 14:06:14,656 [FATAL] Updater:351 - Updater called before beeing initialized
2025-10-23 14:06:14,656 [WARN] DetailPanel:346 - Failed to get advertising image, set to default
2025-10-23 14:06:14,657 [FATAL] Updater:351 - Updater called before beeing initialized
2025-10-23 14:06:14,677 [ERROR] Updater:1198 - MainUpdater not yet initialized. External WinMGr cannot be set.
2025-10-23 14:06:14,678 [INFO] Updater:1134 - Updater Version found : 6.14.1
2025-10-23 14:06:14,688 [INFO] ApplicationProperties:184 - Using Application install path: /opt/st/stm32cubeide_1.18.1/plugins/com.st.stm32cube.common.mx_6.14.1.202504091515
2025-10-23 14:06:14,918 [INFO] MainUpdater:2872 - connection check result : 10
2025-10-23 14:06:14,919 [INFO] MainUpdater:289 - Updater Check For Update Now.
2025-10-23 14:06:14,919 [INFO] MicroXplorer:498 - Change Database Version : DB.6.0.141
2025-10-23 14:06:14,923 [INFO] McuFinderGlobals:63 - Set McuFinder mode to 2 (CubeIDE integrated)
2025-10-23 14:06:14,923 [INFO] UserAuth:484 - Internet connection configuration mode: 1
2025-10-23 14:06:14,933 [INFO] JxBrowserEngine:152 - Initiate JxBrowser Engine with user profile folder
2025-10-23 14:06:15,095 [INFO] CheckServerUpdateThread:120 - End of CheckServer Thread
2025-10-23 14:06:15,409 [INFO] WebApp:169 - Instantiating new browser for Auth
2025-10-23 14:06:15,891 [INFO] WebApp:463 - Apply proxy settings
2025-10-23 14:06:15,891 [INFO] WebApp:548 - Chromium requires no authentication
2025-10-23 14:06:15,896 [INFO] WebApp:491 - Direct internet connection detected
2025-10-23 14:06:15,908 [INFO] WebApp:894 - Register for checkConnection events
2025-10-23 14:06:15,908 [INFO] WebApp:463 - Apply proxy settings
2025-10-23 14:06:15,909 [INFO] WebApp:548 - Chromium requires no authentication
2025-10-23 14:06:15,909 [INFO] WebApp:491 - Direct internet connection detected
2025-10-23 14:06:16,000 [INFO] WebApp:225 - Starting web application
2025-10-23 14:06:16,000 [INFO] WebApp:593 - Web application path used /opt/st/stm32cubeide_1.18.1/plugins/com.st.stm32cube.common.mx_6.14.1.202504091515/db/plugins/mcufinder/reactClient1/index.html
2025-10-23 14:06:16,078 [INFO] UserAuth:484 - Internet connection configuration mode: 1
2025-10-23 14:06:16,456 [INFO] WebApp:191 - Connection restablished
2025-10-23 14:06:16,900 [WARN] PackLoader:240 - Cannot read IP mode file for STMicroelectronics.FP-SNS-MOTENVWB1.1.4.0
2025-10-23 14:06:16,908 [WARN] PackLoader:240 - Cannot read IP mode file for STMicroelectronics.FP-ATR-ASTRA1.2.0.2
2025-10-23 14:06:16,914 [WARN] PackLoader:240 - Cannot read IP mode file for STMicroelectronics.X-CUBE-SMBUS.2.1.0
2025-10-23 14:06:16,918 [WARN] PackLoader:240 - Cannot read IP mode file for STMicroelectronics.X-CUBE-ST60.1.0.0
2025-10-23 14:06:16,953 [WARN] PackLoader:240 - Cannot read IP mode file for STMicroelectronics.X-CUBE-AZRTOS-F7.1.1.0
2025-10-23 14:06:16,993 [WARN] PackLoader:240 - Cannot read IP mode file for Infineon.AIROC-Wi-Fi-Bluetooth-STM32.1.7.0
2025-10-23 14:06:17,022 [WARN] PackLoader:240 - Cannot read IP mode file for STMicroelectronics.X-CUBE-AZRTOS-H7.3.4.0
2025-10-23 14:06:17,033 [WARN] PackLoader:240 - Cannot read IP mode file for STMicroelectronics.X-CUBE-DISPLAY.3.0.0
2025-10-23 14:06:17,044 [WARN] PackLoader:240 - Cannot read IP mode file for STMicroelectronics.X-CUBE-NFC10.1.0.0
2025-10-23 14:06:17,053 [WARN] PackLoader:240 - Cannot read IP mode file for STMicroelectronics.X-CUBE-BLEMGR.4.0.0
2025-10-23 14:06:17,058 [WARN] PackLoader:240 - Cannot read IP mode file for STMicroelectronics.X-CUBE-ST60.1.1.0
2025-10-23 14:06:17,061 [WARN] PackLoader:240 - Cannot read IP mode file for emotas.I-CUBE-CANOPEN.1.3.0
2025-10-23 14:06:17,063 [WARN] ConditionMgr:438 - getConditionDescription Invalid condition id : Cortex-A Device cause : null
2025-10-23 14:06:17,072 [WARN] ConditionMgr:1044 - genDependencies : Invalid condition id : Cortex-A Device cause : null
2025-10-23 14:06:17,073 [WARN] ConditionMgr:1044 - genDependencies : Invalid condition id : Cortex-A Device cause : null
2025-10-23 14:06:17,073 [WARN] ConditionMgr:1044 - genDependencies : Invalid condition id : Cortex-A Device cause : null
2025-10-23 14:06:17,076 [WARN] PackLoader:240 - Cannot read IP mode file for STMicroelectronics.FP-SNS-SMARTAG2.1.2.0
2025-10-23 14:06:17,078 [WARN] PackLoader:240 - Cannot read IP mode file for STMicroelectronics.FP-SNS-FLIGHT1.5.1.0
2025-10-23 14:06:17,086 [INFO] LogOutputStream:77 - [STDOUT_REDIRECT] 1 : Invalid condition id : UX_CORESTACK_Condition cause : null
2025-10-23 14:06:17,086 [INFO] LogOutputStream:77 - [STDOUT_REDIRECT] 1 : Invalid condition id : UX_CORESTACK_Condition cause : null
2025-10-23 14:06:17,087 [INFO] LogOutputStream:77 - [STDOUT_REDIRECT] 1 : Invalid condition id : UX_CORESTACK_Condition cause : null
2025-10-23 14:06:17,087 [INFO] LogOutputStream:77 - [STDOUT_REDIRECT] 1 : Invalid condition id : UX_CORESTACK_Condition cause : null
2025-10-23 14:06:17,087 [INFO] LogOutputStream:77 - [STDOUT_REDIRECT] 1 : Invalid condition id : UX_CORESTACK_Condition cause : null
2025-10-23 14:06:17,090 [WARN] PackLoader:240 - Cannot read IP mode file for STMicroelectronics.X-CUBE-AZRTOS-WL.2.0.0
2025-10-23 14:06:17,103 [WARN] PackLoader:240 - Cannot read IP mode file for STMicroelectronics.FP-SNS-MOTENV1.5.0.0
2025-10-23 14:06:17,111 [WARN] PackLoader:240 - Cannot read IP mode file for WES.I-CUBE-Cesium.1.3.0
2025-10-23 14:06:17,115 [WARN] PackLoader:240 - Cannot read IP mode file for STMicroelectronics.X-CUBE-BLE2.3.3.0
2025-10-23 14:06:17,121 [WARN] PackLoader:240 - Cannot read IP mode file for STMicroelectronics.X-CUBE-NFC9.1.0.0
2025-10-23 14:06:17,126 [WARN] PackLoader:240 - Cannot read IP mode file for wolfSSL.I-CUBE-wolfSSL.5.8.0
2025-10-23 14:06:17,129 [WARN] PackLoader:240 - Cannot read IP mode file for STMicroelectronics.X-CUBE-BLE1.7.1.0
2025-10-23 14:06:17,132 [WARN] PackLoader:240 - Cannot read IP mode file for wolfSSL.I-CUBE-wolfMQTT.1.19.2
2025-10-23 14:06:17,137 [WARN] PackLoader:240 - Cannot read IP mode file for STMicroelectronics.X-CUBE-EEPRMA1.5.2.0
2025-10-23 14:06:17,142 [ERROR] Engine:466 - /home/nailsonchagas/.stm32cubemx/thirdparties/pdsc/STMicroelectronics.X-CUBE-ST67W61.1.1.0.pdsc: PDSC version is not supported
2025-10-23 14:06:17,144 [WARN] PackLoader:240 - Cannot read IP mode file for STMicroelectronics.X-CUBE-AI.10.1.0
2025-10-23 14:06:17,184 [WARN] PackLoader:240 - Cannot read IP mode file for STMicroelectronics.X-CUBE-MEMS1.11.2.0
2025-10-23 14:06:17,332 [WARN] PackLoader:240 - Cannot read IP mode file for STMicroelectronics.X-CUBE-AZRTOS-G0.1.1.0
2025-10-23 14:06:17,339 [WARN] PackLoader:240 - Cannot read IP mode file for STMicroelectronics.X-CUBE-SAFEA1.1.2.2
2025-10-23 14:06:17,343 [WARN] PackLoader:240 - Cannot read IP mode file for STMicroelectronics.X-CUBE-NFC4.3.0.0
2025-10-23 14:06:17,357 [WARN] PackLoader:240 - Cannot read IP mode file for EmbeddedOffice.I-CUBE-FS-RTOS.1.0.1
2025-10-23 14:06:17,362 [WARN] PackLoader:240 - Cannot read IP mode file for STMicroelectronics.X-CUBE-WB05N.2.0.0
2025-10-23 14:06:17,364 [WARN] PackLoader:240 - Cannot read IP mode file for wolfSSL.I-CUBE-wolfTPM.3.8.0
2025-10-23 14:06:17,368 [WARN] PackLoader:240 - Cannot read IP mode file for STMicroelectronics.X-CUBE-TCPP.4.2.0
2025-10-23 14:06:17,373 [WARN] PackLoader:240 - Cannot read IP mode file for RealThread.X-CUBE-RT-Thread_Nano.4.1.1
2025-10-23 14:06:17,376 [WARN] PackLoader:240 - Cannot read IP mode file for STMicroelectronics.FP-ATR-SIGFOX1.3.2.0
2025-10-23 14:06:17,380 [WARN] PackLoader:240 - Cannot read IP mode file for STMicroelectronics.X-CUBE-EEPRMA1.5.1.0
2025-10-23 14:06:17,386 [WARN] PackLoader:240 - Cannot read IP mode file for ITTIA_DB.I-CUBE-ITTIADB.8.9.0
2025-10-23 14:06:17,391 [WARN] PackLoader:240 - Cannot read IP mode file for STMicroelectronics.X-CUBE-ST67W61.1.0.0
2025-10-23 14:06:17,427 [WARN] PackLoader:240 - Cannot read IP mode file for SEGGER.I-CUBE-embOS.1.3.1
2025-10-23 14:06:17,462 [WARN] PackLoader:240 - Cannot read IP mode file for STMicroelectronics.X-CUBE-ALGOBUILD.1.4.0
2025-10-23 14:06:17,494 [WARN] PackLoader:240 - Cannot read IP mode file for STMicroelectronics.X-CUBE-MEMS1.11.3.0
2025-10-23 14:06:17,586 [WARN] PackLoader:240 - Cannot read IP mode file for STMicroelectronics.X-CUBE-PM33A1.1.0.0
2025-10-23 14:06:17,597 [WARN] PackLoader:240 - Cannot read IP mode file for STMicroelectronics.X-CUBE-AZRTOS-F4.1.1.0
2025-10-23 14:06:17,602 [WARN] PackLoader:240 - Cannot read IP mode file for Avnet-IotConnect.X-CUBE-IoTC-DA16k-PMOD.1.0.0
2025-10-23 14:06:17,604 [WARN] PackLoader:240 - Cannot read IP mode file for STMicroelectronics.X-CUBE-ISPU.2.1.0
2025-10-23 14:06:17,608 [ERROR] Engine:466 - /home/nailsonchagas/.stm32cubemx/thirdparties/pdsc/STMicroelectronics.X-CUBE-IPS.3.2.0.pdsc: PDSC version is not supported
2025-10-23 14:06:17,611 [WARN] PackLoader:240 - Cannot read IP mode file for STMicroelectronics.X-CUBE-NFC12.1.0.0
2025-10-23 14:06:17,622 [WARN] PackLoader:240 - Cannot read IP mode file for STMicroelectronics.X-CUBE-AZRTOS-L5.2.0.0
2025-10-23 14:06:17,628 [WARN] PackLoader:240 - Cannot read IP mode file for STMicroelectronics.X-CUBE-NFC6.3.1.0
2025-10-23 14:06:17,632 [WARN] PackLoader:240 - Cannot read IP mode file for STMicroelectronics.X-CUBE-FREERTOS.1.3.1
2025-10-23 14:06:17,636 [WARN] PackLoader:240 - Cannot read IP mode file for STMicroelectronics.X-CUBE-TOUCHGFX.4.26.0
2025-10-23 14:06:17,638 [WARN] PackLoader:240 - Cannot read IP mode file for STMicroelectronics.FP-SNS-STAIOTCFT.1.0.0
2025-10-23 14:06:17,641 [WARN] PackLoader:240 - Cannot read IP mode file for STMicroelectronics.X-CUBE-DPower.1.3.0
2025-10-23 14:06:17,650 [WARN] ConditionMgr:438 - getConditionDescription Invalid condition id : LAN8742 Phy interface Condition cause : null
2025-10-23 14:06:17,651 [WARN] PackLoader:240 - Cannot read IP mode file for STMicroelectronics.X-CUBE-AZRTOS-L4.2.0.0
2025-10-23 14:06:17,652 [WARN] ConditionMgr:1044 - genDependencies : Invalid condition id : LAN8742 Phy interface Condition cause : null
2025-10-23 14:06:17,652 [WARN] ConditionMgr:1044 - genDependencies : Invalid condition id : LAN8742 Phy interface Condition cause : null
2025-10-23 14:06:17,653 [WARN] ConditionMgr:1044 - genDependencies : Invalid condition id : LAN8742 Phy interface Condition cause : null
2025-10-23 14:06:17,657 [WARN] PackLoader:240 - Cannot read IP mode file for STMicroelectronics.X-CUBE-SFXS2LP1.4.0.0
2025-10-23 14:06:17,672 [WARN] PackLoader:240 - Cannot read IP mode file for STMicroelectronics.X-CUBE-AZRTOS-H7.3.3.0
2025-10-23 14:06:17,682 [WARN] ConditionMgr:438 - getConditionDescription Invalid condition id : UX DEVICE CLASS RTOS Condition cause : null
2025-10-23 14:06:17,682 [WARN] ConditionMgr:438 - getConditionDescription Invalid condition id : UX DEVICE CLASS RTOS Condition cause : null
2025-10-23 14:06:17,683 [WARN] PackLoader:240 - Cannot read IP mode file for STMicroelectronics.X-CUBE-AZRTOS-WB.2.0.0
2025-10-23 14:06:17,684 [WARN] ConditionMgr:1044 - genDependencies : Invalid condition id : UX DEVICE CLASS RTOS Condition cause : null
2025-10-23 14:06:17,684 [WARN] ConditionMgr:1044 - genDependencies : Invalid condition id : UX DEVICE CLASS RTOS Condition cause : null
2025-10-23 14:06:17,684 [WARN] ConditionMgr:1044 - genDependencies : Invalid condition id : UX DEVICE CLASS RTOS Condition cause : null
2025-10-23 14:06:17,685 [WARN] ConditionMgr:1044 - genDependencies : Invalid condition id : UX DEVICE CLASS RTOS Condition cause : null
2025-10-23 14:06:17,685 [WARN] ConditionMgr:1044 - genDependencies : Invalid condition id : UX DEVICE CLASS RTOS Condition cause : null
2025-10-23 14:06:17,688 [WARN] PackLoader:240 - Cannot read IP mode file for STMicroelectronics.X-CUBE-GNSS1.7.0.1
2025-10-23 14:06:17,690 [WARN] PackLoader:240 - Cannot read IP mode file for STMicroelectronics.X-CUBE-TOUCHGFX.4.25.0
2025-10-23 14:06:17,694 [WARN] PackLoader:240 - Cannot read IP mode file for STMicroelectronics.FP-SNS-STBOX1.2.0.0
2025-10-23 14:06:17,700 [WARN] PackLoader:240 - Cannot read IP mode file for STMicroelectronics.X-CUBE-SUBG2.5.0.0
2025-10-23 14:06:17,723 [WARN] PackLoader:240 - Cannot read IP mode file for STMicroelectronics.X-CUBE-AZRTOS-H7RS.1.1.0
2025-10-23 14:06:17,728 [WARN] PackLoader:240 - Cannot read IP mode file for Cesanta.I-CUBE-Mongoose.7.13.0
2025-10-23 14:06:17,736 [WARN] PackLoader:240 - Cannot read IP mode file for STMicroelectronics.X-CUBE-AZRTOS-G4.2.0.0
2025-10-23 14:06:17,739 [WARN] PackLoader:240 - Cannot read IP mode file for wolfSSL.I-CUBE-wolfSSH.1.4.20
2025-10-23 14:06:17,741 [WARN] PackLoader:240 - Cannot read IP mode file for STMicroelectronics.X-CUBE-NFC7.2.0.0
2025-10-23 14:06:17,747 [WARN] PackLoader:240 - Cannot read IP mode file for STMicroelectronics.X-CUBE-IPS.3.1.0
2025-10-23 14:06:17,753 [WARN] PackLoader:240 - Cannot read IP mode file for STMicroelectronics.X-CUBE-ALS.1.0.2
2025-10-23 14:06:17,757 [WARN] PackLoader:240 - Cannot read IP mode file for STMicroelectronics.X-CUBE-STSE01.1.0.0
2025-10-23 14:06:17,760 [WARN] PackLoader:240 - Cannot read IP mode file for portGmbH.I-Cube-SoM-uGOAL.1.1.0
2025-10-23 14:06:17,765 [WARN] PackLoader:240 - Cannot read IP mode file for STMicroelectronics.X-CUBE-TOF1.3.4.3
2025-10-23 14:06:17,774 [INFO] ThirdParty:978 - Integrity check success = true
2025-10-23 14:06:17,774 [INFO] IntegrityCheckThread:100 - exiting critical section [integrity check]
2025-10-23 14:06:17,774 [INFO] IntegrityCheckThread:103 - End integrity checks thread
2025-10-23 14:07:27,404 [ERROR] LogOutputStream:75 - [STDERR_REDIRECT] 
2025-10-23 14:07:48,554 [INFO] Activator:176 - 


2025-10-23 14:07:48,555 [INFO] Activator:177 - !SESSION log4j initialized
2025-10-23 14:07:50,300 [INFO] LogOutputStream:77 - [STDOUT_REDIRECT] 
2025-10-23 14:07:51,843 [INFO] ApplicationProperties:184 - Using Application install path: /opt/st/stm32cubeide_1.18.1/plugins/com.st.stm32cube.common.mx_6.14.1.202504091515
2025-10-23 14:07:51,853 [INFO] DbMcusXml:78 - Set database path to: /opt/st/stm32cubeide_1.18.1/plugins/com.st.stm32cube.common.mx_6.14.1.202504091515//db//mcu/
2025-10-23 14:07:51,853 [INFO] ApiDb:274 - Set plugin database path to: /opt/st/stm32cubeide_1.18.1/plugins/com.st.stm32cube.common.mx_6.14.1.202504091515//db//plugins/boardmanager/
2025-10-23 14:07:51,854 [WARN] ApiDb:259 - Overriding images path with different value:  => /opt/st/stm32cubeide_1.18.1/plugins/com.st.stm32cube.common.mx_6.14.1.202504091515//db//plugins/mcufinder/images/
2025-10-23 14:07:51,856 [INFO] ApiDb:250 - Set database path to: /home/nailsonchagas/.stmcufinder/plugins/mcufinder//mcu/
2025-10-23 14:07:51,857 [INFO] DbMcusAds:125 - Set database path to: /home/nailsonchagas/.stmcufinder/plugins/mcufinder//mcu/
2025-10-23 14:07:51,858 [INFO] CrossReferenceDbSqlite:203 - Set database path to: /home/nailsonchagas/.stmcufinder/plugins/mcufinder//mcu/cs/
2025-10-23 14:07:51,933 [INFO] RulesReader:64 - Compatibility file has been processed (302 Rules)
2025-10-23 14:07:51,971 [INFO] DbMcusXml:78 - Set database path to: /opt/st/stm32cubeide_1.18.1/plugins/com.st.stm32cube.common.mx_6.14.1.202504091515//db//mcu/
2025-10-23 14:07:51,971 [INFO] ApiDb:274 - Set plugin database path to: /opt/st/stm32cubeide_1.18.1/plugins/com.st.stm32cube.common.mx_6.14.1.202504091515//db//plugins/boardmanager/
2025-10-23 14:07:51,971 [INFO] ApiDb:261 - Set plugin images path to: /opt/st/stm32cubeide_1.18.1/plugins/com.st.stm32cube.common.mx_6.14.1.202504091515//db//plugins/mcufinder/images/
2025-10-23 14:07:51,971 [WARN] DbFile:41 - Overriding database path with different value: /home/nailsonchagas/.stmcufinder/plugins/mcufinder/ => /home/nailsonchagas/.stmcufinder/plugins/mcufinder
2025-10-23 14:07:51,972 [INFO] ApiDb:250 - Set database path to: /home/nailsonchagas/.stmcufinder/plugins/mcufinder//mcu/
2025-10-23 14:07:51,972 [WARN] DbFile:41 - Overriding database path with different value: /home/nailsonchagas/.stmcufinder/plugins/mcufinder/ => /home/nailsonchagas/.stmcufinder/plugins/mcufinder
2025-10-23 14:07:51,972 [INFO] DbMcusAds:125 - Set database path to: /home/nailsonchagas/.stmcufinder/plugins/mcufinder//mcu/
2025-10-23 14:07:51,972 [WARN] DbFile:41 - Overriding database path with different value: /home/nailsonchagas/.stmcufinder/plugins/mcufinder/ => /home/nailsonchagas/.stmcufinder/plugins/mcufinder
2025-10-23 14:07:51,972 [WARN] DbFile:41 - Overriding database path with different value: /home/nailsonchagas/.stmcufinder/plugins/mcufinder/ => /home/nailsonchagas/.stmcufinder/plugins/mcufinder
2025-10-23 14:07:51,972 [INFO] CrossReferenceDbSqlite:203 - Set database path to: /home/nailsonchagas/.stmcufinder/plugins/mcufinder//mcu/cs/
2025-10-23 14:07:52,008 [INFO] MainPanel:272 - HeapMemory: 268435456
2025-10-23 14:07:52,075 [INFO] DbMcusXml:78 - Set database path to: /opt/st/stm32cubeide_1.18.1/plugins/com.st.stm32cube.common.mx_6.14.1.202504091515//db//mcu/
2025-10-23 14:07:52,075 [INFO] ApiDb:274 - Set plugin database path to: /opt/st/stm32cubeide_1.18.1/plugins/com.st.stm32cube.common.mx_6.14.1.202504091515//db//plugins/boardmanager/
2025-10-23 14:07:52,076 [INFO] ApiDb:261 - Set plugin images path to: /opt/st/stm32cubeide_1.18.1/plugins/com.st.stm32cube.common.mx_6.14.1.202504091515//db//plugins/mcufinder/images/
2025-10-23 14:07:52,076 [WARN] DbFile:41 - Overriding database path with different value: /home/nailsonchagas/.stmcufinder/plugins/mcufinder/ => /home/nailsonchagas/.stmcufinder/plugins/mcufinder
2025-10-23 14:07:52,076 [INFO] ApiDb:250 - Set database path to: /home/nailsonchagas/.stmcufinder/plugins/mcufinder//mcu/
2025-10-23 14:07:52,076 [WARN] DbFile:41 - Overriding database path with different value: /home/nailsonchagas/.stmcufinder/plugins/mcufinder/ => /home/nailsonchagas/.stmcufinder/plugins/mcufinder
2025-10-23 14:07:52,076 [INFO] DbMcusAds:125 - Set database path to: /home/nailsonchagas/.stmcufinder/plugins/mcufinder//mcu/
2025-10-23 14:07:52,076 [WARN] DbFile:41 - Overriding database path with different value: /home/nailsonchagas/.stmcufinder/plugins/mcufinder/ => /home/nailsonchagas/.stmcufinder/plugins/mcufinder
2025-10-23 14:07:52,076 [WARN] DbFile:41 - Overriding database path with different value: /home/nailsonchagas/.stmcufinder/plugins/mcufinder/ => /home/nailsonchagas/.stmcufinder/plugins/mcufinder
2025-10-23 14:07:52,076 [INFO] CrossReferenceDbSqlite:203 - Set database path to: /home/nailsonchagas/.stmcufinder/plugins/mcufinder//mcu/cs/
2025-10-23 14:07:52,085 [INFO] ApplicationProperties:184 - Using Application install path: /opt/st/stm32cubeide_1.18.1/plugins/com.st.stm32cube.common.mx_6.14.1.202504091515
2025-10-23 14:07:52,086 [INFO] PluginManage:196 - Search for loadable plugins [exclusion list=, ]
2025-10-23 14:07:52,087 [INFO] PluginManage:310 - Check plugin analytics
2025-10-23 14:07:52,186 [INFO] AnalyticsPlugin:253 - Accepted Software Licenses: 
2025-10-23 14:07:52,187 [INFO] AnalyticsPlugin:255 - Accepted CMSIS Pack Licenses: 
2025-10-23 14:07:52,187 [INFO] AnalyticsPlugin:257 - Accepted Firmware Licenses: FW.G4.1.6.0
2025-10-23 14:07:52,188 [INFO] PluginManage:359 - Loaded plugin analytics (category:tool,tabindex:-1)
2025-10-23 14:07:52,189 [INFO] PluginManage:310 - Check plugin cadmodel
2025-10-23 14:07:52,191 [INFO] CADModel:105 - Init CAD model plugin
2025-10-23 14:07:52,191 [INFO] PluginManage:359 - Loaded plugin cadmodel (category:power,tabindex:5)
2025-10-23 14:07:52,191 [INFO] PluginManage:310 - Check plugin clock
2025-10-23 14:07:52,196 [INFO] PluginManage:359 - Loaded plugin clock (category:base,tabindex:2)
2025-10-23 14:07:52,196 [INFO] PluginManage:310 - Check plugin ddr
2025-10-23 14:07:52,197 [INFO] PluginManage:359 - Loaded plugin ddr (category:tool,tabindex:6)
2025-10-23 14:07:52,198 [INFO] PluginManage:310 - Check plugin filemanager
2025-10-23 14:07:52,288 [INFO] PluginManage:359 - Loaded plugin filemanager (category:base,tabindex:10)
2025-10-23 14:07:52,288 [INFO] PluginManage:310 - Check plugin ipmanager
2025-10-23 14:07:52,291 [INFO] PluginManage:359 - Loaded plugin ipmanager (category:base,tabindex:5)
2025-10-23 14:07:52,291 [INFO] PluginManage:310 - Check plugin lpbam
2025-10-23 14:07:52,307 [INFO] PluginManage:359 - Loaded plugin lpbam (category:base,tabindex:0)
2025-10-23 14:07:52,307 [INFO] PluginManage:310 - Check plugin memorymap
2025-10-23 14:07:52,315 [INFO] PluginManage:359 - Loaded plugin memorymap (category:base,tabindex:4)
2025-10-23 14:07:52,315 [INFO] PluginManage:310 - Check plugin pinoutandconfiguration
2025-10-23 14:07:52,325 [INFO] PluginManage:359 - Loaded plugin pinoutandconfiguration (category:base,tabindex:1)
2025-10-23 14:07:52,325 [INFO] PluginManage:310 - Check plugin pinoutconfig
2025-10-23 14:07:52,409 [WARN] SupportedApi:132 - Cannot load RTOS API schema: s4s-elt-must-match.1: The content of 'definitions' must match (annotation?, (simpleType | complexType)?, (unique | key | keyref)*)). A problem was found starting at: attribute.
2025-10-23 14:07:52,486 [INFO] PluginManage:359 - Loaded plugin pinoutconfig (category:base,tabindex:0)
2025-10-23 14:07:52,486 [INFO] PluginManage:310 - Check plugin power
2025-10-23 14:07:52,491 [INFO] PluginManage:359 - Loaded plugin power (category:power,tabindex:4)
2025-10-23 14:07:52,491 [INFO] PluginManage:310 - Check plugin projectmanager
2025-10-23 14:07:52,501 [INFO] PluginManage:359 - Loaded plugin projectmanager (category:projectmanager,tabindex:4)
2025-10-23 14:07:52,502 [INFO] PluginManage:310 - Check plugin rif
2025-10-23 14:07:52,505 [INFO] PluginManage:359 - Loaded plugin rif (category:base,tabindex:3)
2025-10-23 14:07:52,505 [INFO] PluginManage:310 - Check plugin thirdparty
2025-10-23 14:07:52,574 [WARN] IntegrityCheckThread:84 - waiting for thirdparty lock release [integrity check]
2025-10-23 14:07:52,575 [INFO] IntegrityCheckThread:86 - entering critical section [integrity check]
2025-10-23 14:07:52,575 [INFO] PluginManage:359 - Loaded plugin thirdparty (category:base,tabindex:-1)
2025-10-23 14:07:52,575 [INFO] PluginManage:310 - Check plugin tools
2025-10-23 14:07:52,575 [INFO] ThirdPartyUpdaterWithRetryManager:70 - Updater plugin not ready yet. [1/15]
2025-10-23 14:07:52,576 [INFO] PluginManage:359 - Loaded plugin tools (category:base,tabindex:7)
2025-10-23 14:07:52,576 [INFO] PluginManage:310 - Check plugin tutovideos
2025-10-23 14:07:52,675 [INFO] PluginManage:359 - Loaded plugin tutovideos (category:base,tabindex:-1)
2025-10-23 14:07:52,675 [INFO] PluginManage:310 - Check plugin updater
2025-10-23 14:07:52,689 [INFO] PluginManage:359 - Loaded plugin updater (category:base,tabindex:12)
2025-10-23 14:07:52,689 [INFO] PluginManage:310 - Check plugin userauth
2025-10-23 14:07:52,691 [INFO] UserAuth:118 - Init User Auth plugin
2025-10-23 14:07:52,692 [INFO] PluginManage:359 - Loaded plugin userauth (category:base,tabindex:14)
2025-10-23 14:07:52,692 [INFO] PluginManage:283 - PluginManage : Loaded plugins [18]
2025-10-23 14:07:52,802 [INFO] PinOutPanel:1589 - setPackage(No Configuration,No Configuration)
2025-10-23 14:07:52,845 [INFO] CADModel:165 - CPN selected for project level
2025-10-23 14:07:52,845 [INFO] CADModel:114 - Register for checkConnection events
2025-10-23 14:07:52,852 [INFO] IPUIPlugin:80 - create IPUIPlugin
2025-10-23 14:07:52,852 [INFO] PluginManager:220 - loadIPPluginJar : add touchsensing
2025-10-23 14:07:52,853 [INFO] IPUIPlugin:80 - create IPUIPlugin
2025-10-23 14:07:52,853 [INFO] PluginManager:220 - loadIPPluginJar : add fatfs
2025-10-23 14:07:52,856 [INFO] IPUIPlugin:80 - create IPUIPlugin
2025-10-23 14:07:52,856 [INFO] PluginManager:220 - loadIPPluginJar : add fmc
2025-10-23 14:07:52,858 [INFO] IPUIPlugin:80 - create IPUIPlugin
2025-10-23 14:07:52,858 [INFO] PluginManager:220 - loadIPPluginJar : add sai
2025-10-23 14:07:52,861 [INFO] IPUIPlugin:80 - create IPUIPlugin
2025-10-23 14:07:52,861 [INFO] PluginManager:220 - loadIPPluginJar : add adc
2025-10-23 14:07:52,862 [INFO] IPUIPlugin:80 - create IPUIPlugin
2025-10-23 14:07:52,862 [INFO] PluginManager:220 - loadIPPluginJar : add extmemmanager
2025-10-23 14:07:52,863 [INFO] IPUIPlugin:80 - create IPUIPlugin
2025-10-23 14:07:52,863 [INFO] PluginManager:220 - loadIPPluginJar : add tracer_emb
2025-10-23 14:07:52,865 [INFO] IPUIPlugin:80 - create IPUIPlugin
2025-10-23 14:07:52,865 [INFO] PluginManager:220 - loadIPPluginJar : add ipddr
2025-10-23 14:07:52,865 [INFO] IPUIPlugin:80 - create IPUIPlugin
2025-10-23 14:07:52,865 [INFO] PluginManager:220 - loadIPPluginJar : add ltdc
2025-10-23 14:07:52,866 [INFO] IPUIPlugin:80 - create IPUIPlugin
2025-10-23 14:07:52,867 [INFO] PluginManager:220 - loadIPPluginJar : add dma3
2025-10-23 14:07:52,868 [INFO] IPUIPlugin:80 - create IPUIPlugin
2025-10-23 14:07:52,868 [INFO] PluginManager:220 - loadIPPluginJar : add dfsdm
2025-10-23 14:07:52,869 [INFO] IPUIPlugin:80 - create IPUIPlugin
2025-10-23 14:07:52,869 [INFO] PluginManager:220 - loadIPPluginJar : add pdm2pcm
2025-10-23 14:07:52,870 [INFO] IPUIPlugin:80 - create IPUIPlugin
2025-10-23 14:07:52,871 [INFO] PluginManager:220 - loadIPPluginJar : add gtzc
2025-10-23 14:07:52,872 [INFO] IPUIPlugin:80 - create IPUIPlugin
2025-10-23 14:07:52,872 [INFO] PluginManager:220 - loadIPPluginJar : add i2s
2025-10-23 14:07:52,873 [INFO] IPUIPlugin:80 - create IPUIPlugin
2025-10-23 14:07:52,873 [INFO] PluginManager:220 - loadIPPluginJar : add lorawan
2025-10-23 14:07:52,874 [INFO] IPUIPlugin:80 - create IPUIPlugin
2025-10-23 14:07:52,874 [INFO] PluginManager:220 - loadIPPluginJar : add can
2025-10-23 14:07:52,876 [INFO] IPUIPlugin:80 - create IPUIPlugin
2025-10-23 14:07:52,876 [INFO] PluginManager:220 - loadIPPluginJar : add usart
2025-10-23 14:07:52,878 [INFO] IPUIPlugin:80 - create IPUIPlugin
2025-10-23 14:07:52,878 [INFO] PluginManager:220 - loadIPPluginJar : add resmgrutility
2025-10-23 14:07:52,879 [INFO] IPUIPlugin:80 - create IPUIPlugin
2025-10-23 14:07:52,880 [INFO] PluginManager:220 - loadIPPluginJar : add nvic
2025-10-23 14:07:52,881 [INFO] IPUIPlugin:80 - create IPUIPlugin
2025-10-23 14:07:52,881 [INFO] PluginManager:220 - loadIPPluginJar : add ucpd
2025-10-23 14:07:52,882 [INFO] IPUIPlugin:80 - create IPUIPlugin
2025-10-23 14:07:52,882 [INFO] PluginManager:220 - loadIPPluginJar : add tim
2025-10-23 14:07:52,883 [INFO] IPUIPlugin:80 - create IPUIPlugin
2025-10-23 14:07:52,883 [INFO] PluginManager:220 - loadIPPluginJar : add i3c
2025-10-23 14:07:52,887 [INFO] IPUIPlugin:80 - create IPUIPlugin
2025-10-23 14:07:52,889 [INFO] PluginManager:220 - loadIPPluginJar : add plateformsettings
2025-10-23 14:07:52,890 [INFO] IPUIPlugin:80 - create IPUIPlugin
2025-10-23 14:07:52,890 [INFO] PluginManager:220 - loadIPPluginJar : add ts
2025-10-23 14:07:52,891 [INFO] IPUIPlugin:80 - create IPUIPlugin
2025-10-23 14:07:52,891 [INFO] PluginManager:220 - loadIPPluginJar : add tsc
2025-10-23 14:07:52,894 [INFO] IPUIPlugin:80 - create IPUIPlugin
2025-10-23 14:07:52,894 [INFO] PluginManager:220 - loadIPPluginJar : add freertos
2025-10-23 14:07:52,896 [INFO] IPUIPlugin:80 - create IPUIPlugin
2025-10-23 14:07:52,896 [INFO] PluginManager:220 - loadIPPluginJar : add ddr_ctrl_phy
2025-10-23 14:07:52,897 [INFO] IPUIPlugin:80 - create IPUIPlugin
2025-10-23 14:07:52,897 [INFO] PluginManager:220 - loadIPPluginJar : add hash
2025-10-23 14:07:52,901 [INFO] IPUIPlugin:80 - create IPUIPlugin
2025-10-23 14:07:52,902 [INFO] PluginManager:220 - loadIPPluginJar : add linkedlist
2025-10-23 14:07:52,905 [INFO] IPUIPlugin:80 - create IPUIPlugin
2025-10-23 14:07:52,905 [INFO] PluginManager:220 - loadIPPluginJar : add mdma
2025-10-23 14:07:52,907 [INFO] IPUIPlugin:80 - create IPUIPlugin
2025-10-23 14:07:52,907 [INFO] PluginManager:220 - loadIPPluginJar : add cryp
2025-10-23 14:07:52,908 [INFO] IPUIPlugin:80 - create IPUIPlugin
2025-10-23 14:07:52,908 [INFO] PluginManager:220 - loadIPPluginJar : add radio
2025-10-23 14:07:52,911 [INFO] IPUIPlugin:80 - create IPUIPlugin
2025-10-23 14:07:52,911 [INFO] PluginManager:220 - loadIPPluginJar : add gic
2025-10-23 14:07:52,912 [INFO] IPUIPlugin:80 - create IPUIPlugin
2025-10-23 14:07:52,912 [INFO] PluginManager:220 - loadIPPluginJar : add gfxmmu
2025-10-23 14:07:52,913 [INFO] IPUIPlugin:80 - create IPUIPlugin
2025-10-23 14:07:52,914 [INFO] PluginManager:220 - loadIPPluginJar : add openamp
2025-10-23 14:07:52,916 [INFO] IPUIPlugin:80 - create IPUIPlugin
2025-10-23 14:07:52,916 [INFO] PluginManager:220 - loadIPPluginJar : add gpio
2025-10-23 14:07:52,917 [INFO] IPUIPlugin:80 - create IPUIPlugin
2025-10-23 14:07:52,917 [INFO] PluginManager:220 - loadIPPluginJar : add i2c
2025-10-23 14:07:52,918 [INFO] IPUIPlugin:80 - create IPUIPlugin
2025-10-23 14:07:52,918 [INFO] PluginManager:220 - loadIPPluginJar : add comp
2025-10-23 14:07:52,919 [INFO] IPUIPlugin:80 - create IPUIPlugin
2025-10-23 14:07:52,919 [INFO] PluginManager:220 - loadIPPluginJar : add genericplugin
2025-10-23 14:07:52,923 [INFO] IPUIPlugin:80 - create IPUIPlugin
2025-10-23 14:07:52,923 [INFO] PluginManager:220 - loadIPPluginJar : add stm32_wpan
2025-10-23 14:07:52,924 [INFO] IPUIPlugin:80 - create IPUIPlugin
2025-10-23 14:07:52,924 [INFO] PluginManager:220 - loadIPPluginJar : add spi
2025-10-23 14:07:52,926 [INFO] IPUIPlugin:80 - create IPUIPlugin
2025-10-23 14:07:52,926 [INFO] PluginManager:220 - loadIPPluginJar : add usbx
2025-10-23 14:07:52,927 [INFO] IPUIPlugin:80 - create IPUIPlugin
2025-10-23 14:07:52,927 [INFO] PluginManager:220 - loadIPPluginJar : add aes
2025-10-23 14:07:52,929 [INFO] IPUIPlugin:80 - create IPUIPlugin
2025-10-23 14:07:52,929 [INFO] PluginManager:220 - loadIPPluginJar : add opamp
2025-10-23 14:07:52,932 [INFO] IPUIPlugin:80 - create IPUIPlugin
2025-10-23 14:07:52,932 [INFO] PluginManager:220 - loadIPPluginJar : add dma
2025-10-23 14:07:52,933 [INFO] IPUIPlugin:80 - create IPUIPlugin
2025-10-23 14:07:52,933 [INFO] PluginManager:220 - loadIPPluginJar : add quadspi
2025-10-23 14:07:53,023 [FATAL] Updater:351 - Updater called before beeing initialized
2025-10-23 14:07:53,039 [INFO] RulesReader:64 - Compatibility file has been processed (302 Rules)
2025-10-23 14:07:53,046 [INFO] RulesReader:64 - Compatibility file has been processed (302 Rules)
2025-10-23 14:07:53,051 [INFO] CADModel:165 - CPN selected for project level
2025-10-23 14:07:53,051 [INFO] CADModel:114 - Register for checkConnection events
2025-10-23 14:07:53,051 [FATAL] Updater:351 - Updater called before beeing initialized
2025-10-23 14:07:53,051 [ERROR] CADModel:125 - Updater not yet initialized, retry later 
2025-10-23 14:07:53,122 [FATAL] Updater:351 - Updater called before beeing initialized
2025-10-23 14:07:53,123 [INFO] CADModel:165 - CPN selected for project level
2025-10-23 14:07:53,123 [INFO] CADModel:114 - Register for checkConnection events
2025-10-23 14:07:53,123 [FATAL] Updater:351 - Updater called before beeing initialized
2025-10-23 14:07:53,123 [ERROR] CADModel:125 - Updater not yet initialized, retry later 
2025-10-23 14:07:53,125 [FATAL] Updater:351 - Updater called before beeing initialized
2025-10-23 14:07:53,182 [FATAL] Updater:351 - Updater called before beeing initialized
2025-10-23 14:07:53,185 [INFO] DbMcusAds:53 - JSON generation date=Thu Oct 02 06:36:05 BRT 2025 (1759397765645)
2025-10-23 14:07:53,185 [FATAL] Updater:351 - Updater called before beeing initialized
2025-10-23 14:07:53,208 [WARN] DetailPanel:346 - Failed to get advertising image, set to default
2025-10-23 14:07:53,415 [FATAL] Updater:351 - Updater called before beeing initialized
2025-10-23 14:07:53,416 [FATAL] Updater:351 - Updater called before beeing initialized
2025-10-23 14:07:53,416 [FATAL] Updater:351 - Updater called before beeing initialized
2025-10-23 14:07:53,416 [WARN] DetailPanel:346 - Failed to get advertising image, set to default
2025-10-23 14:07:53,417 [FATAL] Updater:351 - Updater called before beeing initialized
2025-10-23 14:07:53,440 [ERROR] Updater:1198 - MainUpdater not yet initialized. External WinMGr cannot be set.
2025-10-23 14:07:53,441 [INFO] Updater:1134 - Updater Version found : 6.14.1
2025-10-23 14:07:53,452 [INFO] ApplicationProperties:184 - Using Application install path: /opt/st/stm32cubeide_1.18.1/plugins/com.st.stm32cube.common.mx_6.14.1.202504091515
2025-10-23 14:07:53,748 [INFO] MainUpdater:2872 - connection check result : 10
2025-10-23 14:07:53,749 [INFO] MainUpdater:289 - Updater Check For Update Now.
2025-10-23 14:07:53,749 [INFO] MicroXplorer:498 - Change Database Version : DB.6.0.141
2025-10-23 14:07:53,756 [INFO] McuFinderGlobals:63 - Set McuFinder mode to 2 (CubeIDE integrated)
2025-10-23 14:07:53,756 [INFO] UserAuth:484 - Internet connection configuration mode: 1
2025-10-23 14:07:53,764 [INFO] JxBrowserEngine:152 - Initiate JxBrowser Engine with user profile folder
2025-10-23 14:07:53,922 [INFO] CheckServerUpdateThread:120 - End of CheckServer Thread
2025-10-23 14:07:54,221 [INFO] WebApp:169 - Instantiating new browser for Auth
2025-10-23 14:07:54,692 [INFO] WebApp:463 - Apply proxy settings
2025-10-23 14:07:54,692 [INFO] WebApp:548 - Chromium requires no authentication
2025-10-23 14:07:54,698 [INFO] WebApp:491 - Direct internet connection detected
2025-10-23 14:07:54,710 [INFO] WebApp:894 - Register for checkConnection events
2025-10-23 14:07:54,710 [INFO] WebApp:463 - Apply proxy settings
2025-10-23 14:07:54,710 [INFO] WebApp:548 - Chromium requires no authentication
2025-10-23 14:07:54,711 [INFO] WebApp:491 - Direct internet connection detected
2025-10-23 14:07:54,802 [INFO] WebApp:225 - Starting web application
2025-10-23 14:07:54,802 [INFO] WebApp:593 - Web application path used /opt/st/stm32cubeide_1.18.1/plugins/com.st.stm32cube.common.mx_6.14.1.202504091515/db/plugins/mcufinder/reactClient1/index.html
2025-10-23 14:07:54,872 [INFO] UserAuth:484 - Internet connection configuration mode: 1
2025-10-23 14:07:55,310 [INFO] WebApp:191 - Connection restablished
2025-10-23 14:07:55,664 [WARN] PackLoader:240 - Cannot read IP mode file for STMicroelectronics.FP-SNS-MOTENVWB1.1.4.0
2025-10-23 14:07:55,669 [WARN] PackLoader:240 - Cannot read IP mode file for STMicroelectronics.FP-ATR-ASTRA1.2.0.2
2025-10-23 14:07:55,676 [WARN] PackLoader:240 - Cannot read IP mode file for STMicroelectronics.X-CUBE-SMBUS.2.1.0
2025-10-23 14:07:55,681 [WARN] PackLoader:240 - Cannot read IP mode file for STMicroelectronics.X-CUBE-ST60.1.0.0
2025-10-23 14:07:55,711 [WARN] PackLoader:240 - Cannot read IP mode file for STMicroelectronics.X-CUBE-AZRTOS-F7.1.1.0
2025-10-23 14:07:55,743 [WARN] PackLoader:240 - Cannot read IP mode file for Infineon.AIROC-Wi-Fi-Bluetooth-STM32.1.7.0
2025-10-23 14:07:55,776 [WARN] PackLoader:240 - Cannot read IP mode file for STMicroelectronics.X-CUBE-AZRTOS-H7.3.4.0
2025-10-23 14:07:55,787 [WARN] PackLoader:240 - Cannot read IP mode file for STMicroelectronics.X-CUBE-DISPLAY.3.0.0
2025-10-23 14:07:55,810 [WARN] PackLoader:240 - Cannot read IP mode file for STMicroelectronics.X-CUBE-NFC10.1.0.0
2025-10-23 14:07:55,821 [WARN] PackLoader:240 - Cannot read IP mode file for STMicroelectronics.X-CUBE-BLEMGR.4.0.0
2025-10-23 14:07:55,830 [WARN] PackLoader:240 - Cannot read IP mode file for STMicroelectronics.X-CUBE-ST60.1.1.0
2025-10-23 14:07:55,835 [WARN] PackLoader:240 - Cannot read IP mode file for emotas.I-CUBE-CANOPEN.1.3.0
2025-10-23 14:07:55,838 [WARN] ConditionMgr:438 - getConditionDescription Invalid condition id : Cortex-A Device cause : null
2025-10-23 14:07:55,847 [WARN] ConditionMgr:1044 - genDependencies : Invalid condition id : Cortex-A Device cause : null
2025-10-23 14:07:55,847 [WARN] ConditionMgr:1044 - genDependencies : Invalid condition id : Cortex-A Device cause : null
2025-10-23 14:07:55,847 [WARN] ConditionMgr:1044 - genDependencies : Invalid condition id : Cortex-A Device cause : null
2025-10-23 14:07:55,850 [WARN] PackLoader:240 - Cannot read IP mode file for STMicroelectronics.FP-SNS-SMARTAG2.1.2.0
2025-10-23 14:07:55,854 [WARN] PackLoader:240 - Cannot read IP mode file for STMicroelectronics.FP-SNS-FLIGHT1.5.1.0
2025-10-23 14:07:55,861 [INFO] LogOutputStream:77 - [STDOUT_REDIRECT] 1 : Invalid condition id : UX_CORESTACK_Condition cause : null
2025-10-23 14:07:55,862 [INFO] LogOutputStream:77 - [STDOUT_REDIRECT] 1 : Invalid condition id : UX_CORESTACK_Condition cause : null
2025-10-23 14:07:55,862 [INFO] LogOutputStream:77 - [STDOUT_REDIRECT] 1 : Invalid condition id : UX_CORESTACK_Condition cause : null
2025-10-23 14:07:55,862 [INFO] LogOutputStream:77 - [STDOUT_REDIRECT] 1 : Invalid condition id : UX_CORESTACK_Condition cause : null
2025-10-23 14:07:55,862 [INFO] LogOutputStream:77 - [STDOUT_REDIRECT] 1 : Invalid condition id : UX_CORESTACK_Condition cause : null
2025-10-23 14:07:55,865 [WARN] PackLoader:240 - Cannot read IP mode file for STMicroelectronics.X-CUBE-AZRTOS-WL.2.0.0
2025-10-23 14:07:55,868 [WARN] PackLoader:240 - Cannot read IP mode file for STMicroelectronics.FP-SNS-MOTENV1.5.0.0
2025-10-23 14:07:55,874 [WARN] PackLoader:240 - Cannot read IP mode file for WES.I-CUBE-Cesium.1.3.0
2025-10-23 14:07:55,877 [WARN] PackLoader:240 - Cannot read IP mode file for STMicroelectronics.X-CUBE-BLE2.3.3.0
2025-10-23 14:07:55,882 [WARN] PackLoader:240 - Cannot read IP mode file for STMicroelectronics.X-CUBE-NFC9.1.0.0
2025-10-23 14:07:55,887 [WARN] PackLoader:240 - Cannot read IP mode file for wolfSSL.I-CUBE-wolfSSL.5.8.0
2025-10-23 14:07:55,892 [WARN] PackLoader:240 - Cannot read IP mode file for STMicroelectronics.X-CUBE-BLE1.7.1.0
2025-10-23 14:07:55,895 [WARN] PackLoader:240 - Cannot read IP mode file for wolfSSL.I-CUBE-wolfMQTT.1.19.2
2025-10-23 14:07:55,899 [WARN] PackLoader:240 - Cannot read IP mode file for STMicroelectronics.X-CUBE-EEPRMA1.5.2.0
2025-10-23 14:07:55,905 [ERROR] Engine:466 - /home/nailsonchagas/.stm32cubemx/thirdparties/pdsc/STMicroelectronics.X-CUBE-ST67W61.1.1.0.pdsc: PDSC version is not supported
2025-10-23 14:07:55,907 [WARN] PackLoader:240 - Cannot read IP mode file for STMicroelectronics.X-CUBE-AI.10.1.0
2025-10-23 14:07:55,949 [WARN] PackLoader:240 - Cannot read IP mode file for STMicroelectronics.X-CUBE-MEMS1.11.2.0
2025-10-23 14:07:56,127 [WARN] PackLoader:240 - Cannot read IP mode file for STMicroelectronics.X-CUBE-AZRTOS-G0.1.1.0
2025-10-23 14:07:56,135 [WARN] PackLoader:240 - Cannot read IP mode file for STMicroelectronics.X-CUBE-SAFEA1.1.2.2
2025-10-23 14:07:56,147 [WARN] PackLoader:240 - Cannot read IP mode file for STMicroelectronics.X-CUBE-NFC4.3.0.0
2025-10-23 14:07:56,170 [WARN] PackLoader:240 - Cannot read IP mode file for EmbeddedOffice.I-CUBE-FS-RTOS.1.0.1
2025-10-23 14:07:56,178 [WARN] PackLoader:240 - Cannot read IP mode file for STMicroelectronics.X-CUBE-WB05N.2.0.0
2025-10-23 14:07:56,182 [WARN] PackLoader:240 - Cannot read IP mode file for wolfSSL.I-CUBE-wolfTPM.3.8.0
2025-10-23 14:07:56,186 [WARN] PackLoader:240 - Cannot read IP mode file for STMicroelectronics.X-CUBE-TCPP.4.2.0
2025-10-23 14:07:56,192 [WARN] PackLoader:240 - Cannot read IP mode file for RealThread.X-CUBE-RT-Thread_Nano.4.1.1
2025-10-23 14:07:56,195 [WARN] PackLoader:240 - Cannot read IP mode file for STMicroelectronics.FP-ATR-SIGFOX1.3.2.0
2025-10-23 14:07:56,201 [WARN] PackLoader:240 - Cannot read IP mode file for STMicroelectronics.X-CUBE-EEPRMA1.5.1.0
2025-10-23 14:07:56,208 [WARN] PackLoader:240 - Cannot read IP mode file for ITTIA_DB.I-CUBE-ITTIADB.8.9.0
2025-10-23 14:07:56,213 [WARN] PackLoader:240 - Cannot read IP mode file for STMicroelectronics.X-CUBE-ST67W61.1.0.0
2025-10-23 14:07:56,246 [WARN] PackLoader:240 - Cannot read IP mode file for SEGGER.I-CUBE-embOS.1.3.1
2025-10-23 14:07:56,294 [WARN] PackLoader:240 - Cannot read IP mode file for STMicroelectronics.X-CUBE-ALGOBUILD.1.4.0
2025-10-23 14:07:56,346 [WARN] PackLoader:240 - Cannot read IP mode file for STMicroelectronics.X-CUBE-MEMS1.11.3.0
2025-10-23 14:07:56,437 [WARN] PackLoader:240 - Cannot read IP mode file for STMicroelectronics.X-CUBE-PM33A1.1.0.0
2025-10-23 14:07:56,447 [WARN] PackLoader:240 - Cannot read IP mode file for STMicroelectronics.X-CUBE-AZRTOS-F4.1.1.0
2025-10-23 14:07:56,449 [WARN] PackLoader:240 - Cannot read IP mode file for Avnet-IotConnect.X-CUBE-IoTC-DA16k-PMOD.1.0.0
2025-10-23 14:07:56,451 [WARN] PackLoader:240 - Cannot read IP mode file for STMicroelectronics.X-CUBE-ISPU.2.1.0
2025-10-23 14:07:56,455 [ERROR] Engine:466 - /home/nailsonchagas/.stm32cubemx/thirdparties/pdsc/STMicroelectronics.X-CUBE-IPS.3.2.0.pdsc: PDSC version is not supported
2025-10-23 14:07:56,458 [WARN] PackLoader:240 - Cannot read IP mode file for STMicroelectronics.X-CUBE-NFC12.1.0.0
2025-10-23 14:07:56,474 [WARN] PackLoader:240 - Cannot read IP mode file for STMicroelectronics.X-CUBE-AZRTOS-L5.2.0.0
2025-10-23 14:07:56,481 [WARN] PackLoader:240 - Cannot read IP mode file for STMicroelectronics.X-CUBE-NFC6.3.1.0
2025-10-23 14:07:56,485 [WARN] PackLoader:240 - Cannot read IP mode file for STMicroelectronics.X-CUBE-FREERTOS.1.3.1
2025-10-23 14:07:56,488 [WARN] PackLoader:240 - Cannot read IP mode file for STMicroelectronics.X-CUBE-TOUCHGFX.4.26.0
2025-10-23 14:07:56,491 [WARN] PackLoader:240 - Cannot read IP mode file for STMicroelectronics.FP-SNS-STAIOTCFT.1.0.0
2025-10-23 14:07:56,494 [WARN] PackLoader:240 - Cannot read IP mode file for STMicroelectronics.X-CUBE-DPower.1.3.0
2025-10-23 14:07:56,506 [WARN] ConditionMgr:438 - getConditionDescription Invalid condition id : LAN8742 Phy interface Condition cause : null
2025-10-23 14:07:56,506 [WARN] PackLoader:240 - Cannot read IP mode file for STMicroelectronics.X-CUBE-AZRTOS-L4.2.0.0
2025-10-23 14:07:56,507 [WARN] ConditionMgr:1044 - genDependencies : Invalid condition id : LAN8742 Phy interface Condition cause : null
2025-10-23 14:07:56,507 [WARN] ConditionMgr:1044 - genDependencies : Invalid condition id : LAN8742 Phy interface Condition cause : null
2025-10-23 14:07:56,508 [WARN] ConditionMgr:1044 - genDependencies : Invalid condition id : LAN8742 Phy interface Condition cause : null
2025-10-23 14:07:56,511 [WARN] PackLoader:240 - Cannot read IP mode file for STMicroelectronics.X-CUBE-SFXS2LP1.4.0.0
2025-10-23 14:07:56,524 [WARN] PackLoader:240 - Cannot read IP mode file for STMicroelectronics.X-CUBE-AZRTOS-H7.3.3.0
2025-10-23 14:07:56,532 [WARN] ConditionMgr:438 - getConditionDescription Invalid condition id : UX DEVICE CLASS RTOS Condition cause : null
2025-10-23 14:07:56,532 [WARN] ConditionMgr:438 - getConditionDescription Invalid condition id : UX DEVICE CLASS RTOS Condition cause : null
2025-10-23 14:07:56,533 [WARN] PackLoader:240 - Cannot read IP mode file for STMicroelectronics.X-CUBE-AZRTOS-WB.2.0.0
2025-10-23 14:07:56,534 [WARN] ConditionMgr:1044 - genDependencies : Invalid condition id : UX DEVICE CLASS RTOS Condition cause : null
2025-10-23 14:07:56,534 [WARN] ConditionMgr:1044 - genDependencies : Invalid condition id : UX DEVICE CLASS RTOS Condition cause : null
2025-10-23 14:07:56,534 [WARN] ConditionMgr:1044 - genDependencies : Invalid condition id : UX DEVICE CLASS RTOS Condition cause : null
2025-10-23 14:07:56,534 [WARN] ConditionMgr:1044 - genDependencies : Invalid condition id : UX DEVICE CLASS RTOS Condition cause : null
2025-10-23 14:07:56,534 [WARN] ConditionMgr:1044 - genDependencies : Invalid condition id : UX DEVICE CLASS RTOS Condition cause : null
2025-10-23 14:07:56,538 [WARN] PackLoader:240 - Cannot read IP mode file for STMicroelectronics.X-CUBE-GNSS1.7.0.1
2025-10-23 14:07:56,540 [WARN] PackLoader:240 - Cannot read IP mode file for STMicroelectronics.X-CUBE-TOUCHGFX.4.25.0
2025-10-23 14:07:56,543 [WARN] PackLoader:240 - Cannot read IP mode file for STMicroelectronics.FP-SNS-STBOX1.2.0.0
2025-10-23 14:07:56,550 [WARN] PackLoader:240 - Cannot read IP mode file for STMicroelectronics.X-CUBE-SUBG2.5.0.0
2025-10-23 14:07:56,563 [WARN] PackLoader:240 - Cannot read IP mode file for STMicroelectronics.X-CUBE-AZRTOS-H7RS.1.1.0
2025-10-23 14:07:56,566 [WARN] PackLoader:240 - Cannot read IP mode file for Cesanta.I-CUBE-Mongoose.7.13.0
2025-10-23 14:07:56,575 [WARN] PackLoader:240 - Cannot read IP mode file for STMicroelectronics.X-CUBE-AZRTOS-G4.2.0.0
2025-10-23 14:07:56,577 [WARN] PackLoader:240 - Cannot read IP mode file for wolfSSL.I-CUBE-wolfSSH.1.4.20
2025-10-23 14:07:56,579 [WARN] PackLoader:240 - Cannot read IP mode file for STMicroelectronics.X-CUBE-NFC7.2.0.0
2025-10-23 14:07:56,586 [WARN] PackLoader:240 - Cannot read IP mode file for STMicroelectronics.X-CUBE-IPS.3.1.0
2025-10-23 14:07:56,592 [WARN] PackLoader:240 - Cannot read IP mode file for STMicroelectronics.X-CUBE-ALS.1.0.2
2025-10-23 14:07:56,595 [WARN] PackLoader:240 - Cannot read IP mode file for STMicroelectronics.X-CUBE-STSE01.1.0.0
2025-10-23 14:07:56,598 [WARN] PackLoader:240 - Cannot read IP mode file for portGmbH.I-Cube-SoM-uGOAL.1.1.0
2025-10-23 14:07:56,605 [WARN] PackLoader:240 - Cannot read IP mode file for STMicroelectronics.X-CUBE-TOF1.3.4.3
2025-10-23 14:07:56,612 [INFO] ThirdParty:978 - Integrity check success = true
2025-10-23 14:07:56,612 [INFO] IntegrityCheckThread:100 - exiting critical section [integrity check]
2025-10-23 14:07:56,612 [INFO] IntegrityCheckThread:103 - End integrity checks thread
2025-10-23 14:08:33,844 [ERROR] LogOutputStream:75 - [STDERR_REDIRECT] 
